7.3502 	WARNING 	Requested an unavailable screen number - using first available.
7.3539 	WARNING 	User requested fullscreen with size [1536  864], but screen is actually [1920, 1080]. Using actual size
9.1340 	EXP 	Created window1 = Window(allowGUI=True, allowStencil=False, autoLog=True, backendConf=UNKNOWN, backgroundFit=<method-wrapper '__getattribute__' of attributeSetter object at 0x000001FB84F7FCD0>, backgroundImage=<method-wrapper '__getattribute__' of attributeSetter object at 0x000001FB84F7FC70>, bitsMode=UNKNOWN, blendMode='avg', bpc=(8, 8, 8), color=array([0, 0, 0]), colorSpace='rgb', depthBits=8, fullscr=<method-wrapper '__getattribute__' of attributeSetter object at 0x000001FB84F7FAF0>, gamma=None, gammaErrorPolicy='raise', lms=UNKNOWN, monitor=<psychopy.monitors.calibTools.Monitor object at 0x000001FB85367730>, multiSample=False, name='window1', numSamples=2, pos=(0, 0), screen=1, size=array([1920, 1080]), stencilBits=0, stereo=False, title='PsychoPy', units='height', useFBO=True, useRetina=False, viewOri=0.0, viewPos=None, viewScale=None, waitBlanking=True, winType='pyglet')
9.1341 	EXP 	window1: mouseVisible = True
9.1342 	EXP 	window1: backgroundImage = ''
9.1342 	EXP 	window1: backgroundFit = 'none'
9.1363 	EXP 	window1: Attempting to measure frame rate of screen (1) ...
9.1363 	EXP 	window1: recordFrameIntervals = False
9.2098 	EXP 	window1: recordFrameIntervals = True
9.2861 	EXP 	Screen (1) actual frame rate measured at 144.13Hz
9.2862 	EXP 	window1: recordFrameIntervals = False
9.2865 	EXP 	window1: mouseVisible = False
11.9135 	EXP 	video_presentation: status = STARTED
11.9239 	EXP 	window1: mouseVisible = True
12.0142 	EXP 	Created text = TextStim(__class__=<class 'psychopy.visual.text.TextStim'>, alignHoriz=method-wrapper(...), alignText='center', alignVert=method-wrapper(...), anchorHoriz='center', anchorVert='center', antialias=True, autoDraw=False, autoLog=True, bold=False, color=array([-1., -1., -1.]), colorSpace='rgb', contrast=1.0, depth=-2.0, draggable=False, flipHoriz=True, flipVert=False, font='Open Sans', fontFiles=[], height=0.05, italic=False, languageStyle='LTR', name='text', opacity=1.0, ori=0.0, pos=array([0., 0.]), rgb=UNKNOWN, text='Waiting for scanner...', units='height', win=Window(...), wrapWidth=1)
12.0144 	EXP 	window1: mouseVisible = True
12.0192 	EXP 	Created dummy_fixation = TextStim(__class__=<class 'psychopy.visual.text.TextStim'>, alignHoriz=method-wrapper(...), alignText='center', alignVert=method-wrapper(...), anchorHoriz='center', anchorVert='center', antialias=True, autoDraw=False, autoLog=True, bold=False, color=array([-1., -1., -1.]), colorSpace='rgb', contrast=1.0, depth=0.0, draggable=False, flipHoriz=False, flipVert=False, font='Open Sans', fontFiles=[], height=0.05, italic=False, languageStyle='LTR', name='dummy_fixation', opacity=1.0, ori=0.0, pos=array([0., 0.]), rgb=UNKNOWN, text='+', units='height', win=Window(...), wrapWidth=1)
12.0195 	EXP 	window1: mouseVisible = True
12.0236 	EXP 	Created rating_fixation = TextStim(__class__=<class 'psychopy.visual.text.TextStim'>, alignHoriz=method-wrapper(...), alignText='center', alignVert=method-wrapper(...), anchorHoriz='center', anchorVert='center', antialias=True, autoDraw=False, autoLog=True, bold=False, color=array([ 1., -1., -1.]), colorSpace='rgb', contrast=1.0, depth=-1.0, draggable=False, flipHoriz=False, flipVert=False, font='Open Sans', fontFiles=[], height=0.05, italic=False, languageStyle='LTR', name='rating_fixation', opacity=1.0, ori=0.0, pos=array([0., 0.]), rgb=UNKNOWN, text='+', units='height', win=Window(...), wrapWidth=1)
12.0237 	EXP 	window1: mouseVisible = True
12.0263 	EXP 	Created fixation = TextStim(__class__=<class 'psychopy.visual.text.TextStim'>, alignHoriz=method-wrapper(...), alignText='center', alignVert=method-wrapper(...), anchorHoriz='center', anchorVert='center', antialias=True, autoDraw=False, autoLog=True, bold=False, color=array([-1., -1., -1.]), colorSpace='rgb', contrast=1.0, depth=0.0, draggable=False, flipHoriz=False, flipVert=False, font='Open Sans', fontFiles=[], height=0.05, italic=False, languageStyle='LTR', name='fixation', opacity=1.0, ori=0.0, pos=array([0., 0.]), rgb=UNKNOWN, text='+', units='height', win=Window(...), wrapWidth=1)
12.0265 	EXP 	window1: mouseVisible = True
12.0289 	EXP 	Created end_text = TextStim(__class__=<class 'psychopy.visual.text.TextStim'>, alignHoriz=method-wrapper(...), alignText='center', alignVert=method-wrapper(...), anchorHoriz='center', anchorVert='center', antialias=True, autoDraw=False, autoLog=True, bold=False, color=array([-1., -1., -1.]), colorSpace='rgb', contrast=1.0, depth=0.0, draggable=False, flipHoriz=True, flipVert=False, font='Open Sans', fontFiles=[], height=0.05, italic=False, languageStyle='LTR', name='end_text', opacity=1.0, ori=0.0, pos=array([0., 0.]), rgb=UNKNOWN, text='+', units='height', win=Window(...), wrapWidth=1)
0.0336 	EXP 	text: autoDraw = True
0.9376 	DATA 	Keypress: t
0.9414 	EXP 	text: autoDraw = False
0.9414 	EXP 	dummy_fixation: autoDraw = True
10.9366 	EXP 	Created sequence: sequential, trialTypes=1, nReps=150, seed=None
10.9374 	EXP 	New trial (rep=0, index=0): None
11.1311 	EXP 	Created movie = MovieStim3(__class__=<class 'psychopy.visual.movie3.MovieStim3'>, anchor=('center', 'center'), autoLog=True, color=UNKNOWN, colorSpace=UNKNOWN, depth=-1.0, filename='videos\\crocodile_9.mp4', flipHoriz=False, flipVert=False, fps=UNKNOWN, interpolate=True, loop=False, name='movie', noAudio=True, opacity=1, ori=method-wrapper(...), pos=array([0., 0.]), size=None, units='height', vframe_callback=UNKNOWN, volume=UNKNOWN, win=Window(...))
11.3964 	WARNING 	0.26530229998752475: Video catchup needed, advancing self._nextFrameT from 0.0 to 0.04
11.3965 	WARNING 	0.26535210001748055: Video catchup needed, advancing self._nextFrameT from 0.04 to 0.08
11.3965 	WARNING 	0.265376599971205: Video catchup needed, advancing self._nextFrameT from 0.08 to 0.12
11.3965 	WARNING 	0.26542389998212457: Video catchup needed, advancing self._nextFrameT from 0.12 to 0.16
11.3966 	WARNING 	0.26545459998305887: Video catchup needed, advancing self._nextFrameT from 0.16 to 0.2
11.4161 	EXP 	dummy_fixation: autoDraw = False
11.4161 	EXP 	movie: autoLog = True
11.4161 	EXP 	movie: movie = 'videos\\crocodile_9.mp4'
11.4161 	EXP 	movie: ori = 0.0
11.4161 	EXP 	movie: flipHoriz = True
11.4161 	EXP 	movie: autoDraw = True
15.1324 	EXP 	window1: mouseVisible = True
