7.2642 	WARNING 	Requested an unavailable screen number - using first available.
7.2704 	WARNING 	User requested fullscreen with size [1536  864], but screen is actually [1920, 1080]. Using actual size
8.9827 	EXP 	Created window1 = Window(allowGUI=True, allowStencil=False, autoLog=True, backendConf=UNKNOWN, backgroundFit=<method-wrapper '__getattribute__' of attributeSetter object at 0x000001DEEE1A8040>, backgroundImage=<method-wrapper '__getattribute__' of attributeSetter object at 0x000001DEEE191FD0>, bitsMode=UNKNOWN, blendMode='avg', bpc=(8, 8, 8), color=array([0, 0, 0]), colorSpace='rgb', depthBits=8, fullscr=<method-wrapper '__getattribute__' of attributeSetter object at 0x000001DEEE191E80>, gamma=None, gammaErrorPolicy='raise', lms=UNKNOWN, monitor=<psychopy.monitors.calibTools.Monitor object at 0x000001DEEE565E50>, multiSample=False, name='window1', numSamples=2, pos=(0, 0), screen=1, size=array([1920, 1080]), stencilBits=0, stereo=False, title='PsychoPy', units='height', useFBO=True, useRetina=False, viewOri=0.0, viewPos=None, viewScale=None, waitBlanking=True, winType='pyglet')
8.9828 	EXP 	window1: mouseVisible = True
8.9829 	EXP 	window1: backgroundImage = ''
8.9829 	EXP 	window1: backgroundFit = 'none'
8.9851 	EXP 	window1: Attempting to measure frame rate of screen (1) ...
8.9851 	EXP 	window1: recordFrameIntervals = False
9.0586 	EXP 	window1: recordFrameIntervals = True
9.1345 	EXP 	Screen (1) actual frame rate measured at 145.57Hz
9.1346 	EXP 	window1: recordFrameIntervals = False
9.1350 	EXP 	window1: mouseVisible = False
11.5361 	EXP 	video_presentation: status = STARTED
11.5449 	EXP 	window1: mouseVisible = True
11.6123 	EXP 	Created text = TextStim(__class__=<class 'psychopy.visual.text.TextStim'>, alignHoriz=method-wrapper(...), alignText='center', alignVert=method-wrapper(...), anchorHoriz='center', anchorVert='center', antialias=True, autoDraw=False, autoLog=True, bold=False, color=array([-1., -1., -1.]), colorSpace='rgb', contrast=1.0, depth=-2.0, draggable=False, flipHoriz=True, flipVert=False, font='Open Sans', fontFiles=[], height=0.05, italic=False, languageStyle='LTR', name='text', opacity=1.0, ori=0.0, pos=array([0., 0.]), rgb=UNKNOWN, text='Waiting for scanner...', units='height', win=Window(...), wrapWidth=1)
11.6125 	EXP 	window1: mouseVisible = True
11.6163 	EXP 	Created dummy_fixation = TextStim(__class__=<class 'psychopy.visual.text.TextStim'>, alignHoriz=method-wrapper(...), alignText='center', alignVert=method-wrapper(...), anchorHoriz='center', anchorVert='center', antialias=True, autoDraw=False, autoLog=True, bold=False, color=array([-1., -1., -1.]), colorSpace='rgb', contrast=1.0, depth=0.0, draggable=False, flipHoriz=False, flipVert=False, font='Open Sans', fontFiles=[], height=0.05, italic=False, languageStyle='LTR', name='dummy_fixation', opacity=1.0, ori=0.0, pos=array([0., 0.]), rgb=UNKNOWN, text='+', units='height', win=Window(...), wrapWidth=1)
11.6165 	EXP 	window1: mouseVisible = True
11.6190 	EXP 	Created rating_fixation = TextStim(__class__=<class 'psychopy.visual.text.TextStim'>, alignHoriz=method-wrapper(...), alignText='center', alignVert=method-wrapper(...), anchorHoriz='center', anchorVert='center', antialias=True, autoDraw=False, autoLog=True, bold=False, color=array([ 1., -1., -1.]), colorSpace='rgb', contrast=1.0, depth=-1.0, draggable=False, flipHoriz=False, flipVert=False, font='Open Sans', fontFiles=[], height=0.05, italic=False, languageStyle='LTR', name='rating_fixation', opacity=1.0, ori=0.0, pos=array([0., 0.]), rgb=UNKNOWN, text='+', units='height', win=Window(...), wrapWidth=1)
11.6191 	EXP 	window1: mouseVisible = True
11.6218 	EXP 	Created fixation = TextStim(__class__=<class 'psychopy.visual.text.TextStim'>, alignHoriz=method-wrapper(...), alignText='center', alignVert=method-wrapper(...), anchorHoriz='center', anchorVert='center', antialias=True, autoDraw=False, autoLog=True, bold=False, color=array([-1., -1., -1.]), colorSpace='rgb', contrast=1.0, depth=0.0, draggable=False, flipHoriz=False, flipVert=False, font='Open Sans', fontFiles=[], height=0.05, italic=False, languageStyle='LTR', name='fixation', opacity=1.0, ori=0.0, pos=array([0., 0.]), rgb=UNKNOWN, text='+', units='height', win=Window(...), wrapWidth=1)
11.6219 	EXP 	window1: mouseVisible = True
11.6243 	EXP 	Created end_text = TextStim(__class__=<class 'psychopy.visual.text.TextStim'>, alignHoriz=method-wrapper(...), alignText='center', alignVert=method-wrapper(...), anchorHoriz='center', anchorVert='center', antialias=True, autoDraw=False, autoLog=True, bold=False, color=array([-1., -1., -1.]), colorSpace='rgb', contrast=1.0, depth=0.0, draggable=False, flipHoriz=True, flipVert=False, font='Open Sans', fontFiles=[], height=0.05, italic=False, languageStyle='LTR', name='end_text', opacity=1.0, ori=0.0, pos=array([0., 0.]), rgb=UNKNOWN, text='+', units='height', win=Window(...), wrapWidth=1)
0.0300 	EXP 	text: autoDraw = True
0.4679 	DATA 	Keypress: t
0.4793 	EXP 	text: autoDraw = False
0.4793 	EXP 	dummy_fixation: autoDraw = True
10.4742 	EXP 	Created sequence: sequential, trialTypes=1, nReps=150, seed=None
10.4751 	EXP 	New trial (rep=0, index=0): None
10.6787 	EXP 	Created movie = MovieStim3(__class__=<class 'psychopy.visual.movie3.MovieStim3'>, anchor=('center', 'center'), autoLog=True, color=UNKNOWN, colorSpace=UNKNOWN, depth=-1.0, filename='videos\\dog_17.mp4', flipHoriz=False, flipVert=False, fps=UNKNOWN, interpolate=True, loop=False, name='movie', noAudio=True, opacity=1, ori=method-wrapper(...), pos=array([0., 0.]), size=None, units='height', vframe_callback=UNKNOWN, volume=UNKNOWN, win=Window(...))
10.9002 	WARNING 	0.22148209996521473: Video catchup needed, advancing self._nextFrameT from 0.0 to 0.04
10.9003 	WARNING 	0.2215563000063412: Video catchup needed, advancing self._nextFrameT from 0.04 to 0.08
10.9003 	WARNING 	0.2215927999932319: Video catchup needed, advancing self._nextFrameT from 0.08 to 0.12
10.9003 	WARNING 	0.2216247000033036: Video catchup needed, advancing self._nextFrameT from 0.12 to 0.16
10.9196 	EXP 	dummy_fixation: autoDraw = False
10.9196 	EXP 	movie: autoLog = True
10.9196 	EXP 	movie: movie = 'videos\\dog_17.mp4'
10.9196 	EXP 	movie: ori = 0.0
10.9196 	EXP 	movie: flipHoriz = True
10.9196 	EXP 	movie: autoDraw = True
14.6632 	EXP 	window1: mouseVisible = True
