5.3106 	WARNING 	Requested an unavailable screen number - using first available.
5.3132 	WARNING 	User requested fullscreen with size [1536  864], but screen is actually [1920, 1080]. Using actual size
7.1956 	EXP 	Created window1 = Window(allowGUI=True, allowStencil=False, autoLog=True, backendConf=UNKNOWN, backgroundFit=<method-wrapper '__getattribute__' of attributeSetter object at 0x000001C4E729B2B0>, backgroundImage=<method-wrapper '__getattribute__' of attributeSetter object at 0x000001C4E729B250>, bitsMode=UNKNOWN, blendMode='avg', bpc=(8, 8, 8), color=array([0, 0, 0]), colorSpace='rgb', depthBits=8, fullscr=<method-wrapper '__getattribute__' of attributeSetter object at 0x000001C4E729B0A0>, gamma=None, gammaErrorPolicy='raise', lms=UNKNOWN, monitor=<psychopy.monitors.calibTools.Monitor object at 0x000001C4E7693100>, multiSample=False, name='window1', numSamples=2, pos=(0, 0), screen=1, size=array([1920, 1080]), stencilBits=0, stereo=False, title='PsychoPy', units='height', useFBO=True, useRetina=False, viewOri=0.0, viewPos=None, viewScale=None, waitBlanking=True, winType='pyglet')
7.1957 	EXP 	window1: mouseVisible = True
7.1957 	EXP 	window1: backgroundImage = ''
7.1957 	EXP 	window1: backgroundFit = 'none'
7.1975 	EXP 	window1: Attempting to measure frame rate of screen (1) ...
7.1975 	EXP 	window1: recordFrameIntervals = False
7.2647 	EXP 	window1: recordFrameIntervals = True
7.3414 	EXP 	Screen (1) actual frame rate measured at 143.85Hz
7.3415 	EXP 	window1: recordFrameIntervals = False
7.3416 	EXP 	window1: mouseVisible = False
9.1254 	EXP 	video_presentation: status = STARTED
9.1299 	EXP 	window1: mouseVisible = True
9.1906 	EXP 	Created text = TextStim(__class__=<class 'psychopy.visual.text.TextStim'>, alignHoriz=method-wrapper(...), alignText='center', alignVert=method-wrapper(...), anchorHoriz='center', anchorVert='center', antialias=True, autoDraw=False, autoLog=True, bold=False, color=array([-1., -1., -1.]), colorSpace='rgb', contrast=1.0, depth=-2.0, draggable=False, flipHoriz=True, flipVert=False, font='Open Sans', fontFiles=[], height=0.04, italic=False, languageStyle='LTR', name='text', opacity=1.0, ori=0.0, pos=array([0.  , 0.25]), rgb=UNKNOWN, text=str(...), units='height', win=Window(...), wrapWidth=1)
9.1908 	EXP 	window1: mouseVisible = True
9.2411 	EXP 	Created instruction_image = ImageStim(__class__=<class 'psychopy.visual.image.ImageStim'>, anchor=('center', 'center'), autoLog=True, color=array([1., 1., 1.]), colorSpace='rgb', contrast=1.0, depth=-3.0, draggable=False, flipHoriz=True, flipVert=False, image='images/rating_instruction.png', interpolate=True, mask=None, maskParams=None, name='instruction_image', opacity=1.0, ori=0.0, pos=array([ 0. , -0.2]), size=array([0.75, 0.5 ]), texRes=128.0, units='height', win=Window(...))
9.2412 	EXP 	window1: mouseVisible = True
9.2433 	EXP 	Created dummy_fixation_cross = ShapeStim(__class__=<class 'psychopy.visual.shape.ShapeStim'>, anchor=('center', 'center'), autoDraw=False, autoLog=True, closeShape=True, color=method-wrapper(...), colorSpace='rgb', contrast=None, depth=0.0, draggable=False, fillColor=array([-1, -1, -1]), fillColorSpace='rgb', fillRGB=array([-1, -1, -1]), interpolate=True, lineColor=array([-1., -1., -1.]), lineColorSpace='rgb', lineRGB=array([-1, -1, -1]), lineWidth=1.0, name='dummy_fixation_cross', opacity=1.0, ori=0.0, pos=array([0., 0.]), size=array([0.05, 0.05]), units='height', vertices=ndarray(...), win=Window(...), windingRule=None)
9.2435 	EXP 	window1: mouseVisible = True
9.2460 	EXP 	Created rating_fixation_square = Rect(__class__=<class 'psychopy.visual.rect.Rect'>, anchor=('center', 'center'), autoDraw=False, autoLog=True, closeShape=True, color=method-wrapper(...), colorSpace='rgb', contrast=None, depth=-1.0, draggable=False, fillColor=array([-1, -1, -1]), fillColorSpace='rgb', fillRGB=array([-1, -1, -1]), interpolate=True, lineColor=array([-1., -1., -1.]), lineColorSpace='rgb', lineRGB=array([-1, -1, -1]), lineWidth=1.0, name='rating_fixation_square', opacity=1.0, ori=0.0, pos=array([0., 0.]), size=array([0.05, 0.05]), units='height', vertices=ndarray(...), win=Window(...))
9.2460 	EXP 	window1: mouseVisible = True
9.2479 	EXP 	Created washout_fixation_cross = ShapeStim(__class__=<class 'psychopy.visual.shape.ShapeStim'>, anchor=('center', 'center'), autoDraw=False, autoLog=True, closeShape=True, color=method-wrapper(...), colorSpace='rgb', contrast=None, depth=0.0, draggable=False, fillColor=array([-1, -1, -1]), fillColorSpace='rgb', fillRGB=array([-1, -1, -1]), interpolate=True, lineColor=array([-1., -1., -1.]), lineColorSpace='rgb', lineRGB=array([-1, -1, -1]), lineWidth=1.0, name='washout_fixation_cross', opacity=1.0, ori=0.0, pos=array([0., 0.]), size=array([0.05, 0.05]), units='height', vertices=ndarray(...), win=Window(...), windingRule=None)
9.2479 	EXP 	window1: mouseVisible = True
9.2560 	EXP 	Created end_text = TextStim(__class__=<class 'psychopy.visual.text.TextStim'>, alignHoriz=method-wrapper(...), alignText='center', alignVert=method-wrapper(...), anchorHoriz='center', anchorVert='center', antialias=True, autoDraw=False, autoLog=True, bold=False, color=array([-1., -1., -1.]), colorSpace='rgb', contrast=1.0, depth=0.0, draggable=False, flipHoriz=True, flipVert=False, font='Open Sans', fontFiles=[], height=0.1, italic=False, languageStyle='LTR', name='end_text', opacity=1.0, ori=0.0, pos=array([0., 0.]), rgb=UNKNOWN, text='Run complete.', units='height', win=Window(...), wrapWidth=1)
0.0152 	EXP 	text: autoDraw = True
0.0152 	EXP 	instruction_image: autoDraw = True
14.6345 	DATA 	Keypress: 5
14.6391 	EXP 	text: autoDraw = False
14.6391 	EXP 	instruction_image: autoDraw = False
14.6391 	EXP 	dummy_fixation_cross: autoDraw = True
24.6340 	EXP 	Created sequence: sequential, trialTypes=1, nReps=100, seed=None
24.6345 	EXP 	New trial (rep=0, index=0): None
25.3329 	EXP 	Created movie = MovieStim3(__class__=<class 'psychopy.visual.movie3.MovieStim3'>, anchor=('center', 'center'), autoLog=True, color=UNKNOWN, colorSpace=UNKNOWN, depth=-1.0, filename='videos\\wasp_10.mp4', flipHoriz=False, flipVert=False, fps=UNKNOWN, interpolate=True, loop=False, name='movie', noAudio=True, opacity=1, ori=method-wrapper(...), pos=array([0., 0.]), size=None, units='height', vframe_callback=UNKNOWN, volume=UNKNOWN, win=Window(...))
25.5462 	WARNING 	0.21323889999985113: Video catchup needed, advancing self._nextFrameT from 0.0 to 0.03336666666666667
25.5464 	WARNING 	0.21341430000029504: Video catchup needed, advancing self._nextFrameT from 0.03336666666666667 to 0.06673333333333334
25.5464 	WARNING 	0.2134329999998954: Video catchup needed, advancing self._nextFrameT from 0.06673333333333334 to 0.10010000000000001
25.5464 	WARNING 	0.21344810000027792: Video catchup needed, advancing self._nextFrameT from 0.10010000000000001 to 0.13346666666666668
25.5464 	WARNING 	0.21346140000014202: Video catchup needed, advancing self._nextFrameT from 0.13346666666666668 to 0.16683333333333333
25.5648 	EXP 	dummy_fixation_cross: autoDraw = False
25.5648 	EXP 	movie: autoLog = True
25.5648 	EXP 	movie: movie = 'videos\\wasp_10.mp4'
25.5648 	EXP 	movie: ori = 0.0
25.5648 	EXP 	movie: flipHoriz = True
25.5648 	EXP 	movie: autoDraw = True
27.6453 	EXP 	movie: autoDraw = False
27.6453 	EXP 	rating_fixation_square: autoDraw = True
29.7015 	DATA 	Keypress: 1
29.7301 	EXP 	rating_fixation_square: autoDraw = False
29.7301 	EXP 	washout_fixation_cross: autoDraw = True
30.7069 	EXP 	New trial (rep=1, index=0): None
30.7075 	EXP 	Created movie = MovieStim3(__class__=<class 'psychopy.visual.movie3.MovieStim3'>, anchor=('center', 'center'), autoLog=True, color=UNKNOWN, colorSpace=UNKNOWN, depth=-1.0, filename='videos\\fish_16.mp4', flipHoriz=False, flipVert=False, fps=UNKNOWN, interpolate=True, loop=False, name='movie', noAudio=True, opacity=1, ori=method-wrapper(...), pos=array([0., 0.]), size=None, units='height', vframe_callback=UNKNOWN, volume=UNKNOWN, win=Window(...))
30.8767 	WARNING 	0.1692403000001832: Video catchup needed, advancing self._nextFrameT from 0.0 to 0.04
30.8768 	WARNING 	0.16927970000006098: Video catchup needed, advancing self._nextFrameT from 0.04 to 0.08
30.8768 	WARNING 	0.1692957000000206: Video catchup needed, advancing self._nextFrameT from 0.08 to 0.12
30.8904 	EXP 	washout_fixation_cross: autoDraw = False
30.8904 	EXP 	movie: autoLog = True
30.8904 	EXP 	movie: movie = 'videos\\fish_16.mp4'
30.8904 	EXP 	movie: ori = 0.0
30.8904 	EXP 	movie: flipHoriz = True
30.8904 	EXP 	movie: autoDraw = True
33.7111 	EXP 	Set movie finished
33.7220 	EXP 	movie: autoDraw = False
33.7220 	EXP 	rating_fixation_square: autoDraw = True
35.0557 	DATA 	Keypress: 3
35.0619 	EXP 	rating_fixation_square: autoDraw = False
35.0619 	EXP 	washout_fixation_cross: autoDraw = True
36.0598 	EXP 	New trial (rep=2, index=0): None
36.0605 	EXP 	Created movie = MovieStim3(__class__=<class 'psychopy.visual.movie3.MovieStim3'>, anchor=('center', 'center'), autoLog=True, color=UNKNOWN, colorSpace=UNKNOWN, depth=-1.0, filename='videos\\butterfly_9.mp4', flipHoriz=False, flipVert=False, fps=UNKNOWN, interpolate=True, loop=False, name='movie', noAudio=True, opacity=1, ori=method-wrapper(...), pos=array([0., 0.]), size=None, units='height', vframe_callback=UNKNOWN, volume=UNKNOWN, win=Window(...))
36.2190 	WARNING 	0.15839310000001205: Video catchup needed, advancing self._nextFrameT from 0.0 to 0.03333333333333333
36.2190 	WARNING 	0.15843210000002728: Video catchup needed, advancing self._nextFrameT from 0.03333333333333333 to 0.06666666666666667
36.2190 	WARNING 	0.1584482999996908: Video catchup needed, advancing self._nextFrameT from 0.06666666666666667 to 0.1
36.2312 	EXP 	washout_fixation_cross: autoDraw = False
36.2312 	EXP 	movie: autoLog = True
36.2312 	EXP 	movie: movie = 'videos\\butterfly_9.mp4'
36.2312 	EXP 	movie: ori = 0.0
36.2312 	EXP 	movie: flipHoriz = True
36.2312 	EXP 	movie: autoDraw = True
39.0691 	EXP 	movie: autoDraw = False
39.0691 	EXP 	rating_fixation_square: autoDraw = True
39.9655 	DATA 	Keypress: 2
39.9719 	EXP 	rating_fixation_square: autoDraw = False
39.9719 	EXP 	washout_fixation_cross: autoDraw = True
40.9664 	EXP 	New trial (rep=3, index=0): None
40.9671 	EXP 	Created movie = MovieStim3(__class__=<class 'psychopy.visual.movie3.MovieStim3'>, anchor=('center', 'center'), autoLog=True, color=UNKNOWN, colorSpace=UNKNOWN, depth=-1.0, filename='videos\\crocodile_19.mp4', flipHoriz=False, flipVert=False, fps=UNKNOWN, interpolate=True, loop=False, name='movie', noAudio=True, opacity=1, ori=method-wrapper(...), pos=array([0., 0.]), size=None, units='height', vframe_callback=UNKNOWN, volume=UNKNOWN, win=Window(...))
41.1201 	WARNING 	0.15295310000010431: Video catchup needed, advancing self._nextFrameT from 0.0 to 0.04
41.1201 	WARNING 	0.15299400000003516: Video catchup needed, advancing self._nextFrameT from 0.04 to 0.08
41.1287 	EXP 	washout_fixation_cross: autoDraw = False
41.1287 	EXP 	washout_fixation_cross: autoDraw = False
41.1287 	EXP 	movie: autoLog = True
41.1287 	EXP 	movie: movie = 'videos\\crocodile_19.mp4'
41.1287 	EXP 	movie: ori = 0.0
41.1287 	EXP 	movie: flipHoriz = True
41.1287 	EXP 	movie: autoDraw = True
43.9735 	EXP 	movie: autoDraw = False
43.9735 	EXP 	rating_fixation_square: autoDraw = True
44.7935 	DATA 	Keypress: 5
45.6686 	DATA 	Keypress: 6
45.6748 	EXP 	rating_fixation_square: autoDraw = False
45.6748 	EXP 	washout_fixation_cross: autoDraw = True
46.6693 	EXP 	New trial (rep=4, index=0): None
46.6699 	EXP 	Created movie = MovieStim3(__class__=<class 'psychopy.visual.movie3.MovieStim3'>, anchor=('center', 'center'), autoLog=True, color=UNKNOWN, colorSpace=UNKNOWN, depth=-1.0, filename='videos\\butterfly_3.mp4', flipHoriz=False, flipVert=False, fps=UNKNOWN, interpolate=True, loop=False, name='movie', noAudio=True, opacity=1, ori=method-wrapper(...), pos=array([0., 0.]), size=None, units='height', vframe_callback=UNKNOWN, volume=UNKNOWN, win=Window(...))
46.8245 	WARNING 	0.15452219999997396: Video catchup needed, advancing self._nextFrameT from 0.0 to 0.04
46.8245 	WARNING 	0.15456270000004224: Video catchup needed, advancing self._nextFrameT from 0.04 to 0.08
46.8389 	EXP 	washout_fixation_cross: autoDraw = False
46.8389 	EXP 	washout_fixation_cross: autoDraw = False
46.8389 	EXP 	movie: autoLog = True
46.8389 	EXP 	movie: movie = 'videos\\butterfly_3.mp4'
46.8389 	EXP 	movie: ori = 0.0
46.8389 	EXP 	movie: flipHoriz = True
46.8389 	EXP 	movie: autoDraw = True
49.6488 	EXP 	Set movie finished
49.6772 	EXP 	movie: autoDraw = False
49.6772 	EXP 	rating_fixation_square: autoDraw = True
51.1012 	DATA 	Keypress: 4
51.1075 	EXP 	rating_fixation_square: autoDraw = False
51.1075 	EXP 	washout_fixation_cross: autoDraw = True
52.1018 	EXP 	New trial (rep=5, index=0): None
52.1024 	EXP 	Created movie = MovieStim3(__class__=<class 'psychopy.visual.movie3.MovieStim3'>, anchor=('center', 'center'), autoLog=True, color=UNKNOWN, colorSpace=UNKNOWN, depth=-1.0, filename='videos\\snake_5.mp4', flipHoriz=False, flipVert=False, fps=UNKNOWN, interpolate=True, loop=False, name='movie', noAudio=True, opacity=1, ori=method-wrapper(...), pos=array([0., 0.]), size=None, units='height', vframe_callback=UNKNOWN, volume=UNKNOWN, win=Window(...))
52.2572 	WARNING 	0.1547009999999318: Video catchup needed, advancing self._nextFrameT from 0.0 to 0.03333333333333333
52.2573 	WARNING 	0.15479899999991176: Video catchup needed, advancing self._nextFrameT from 0.03333333333333333 to 0.06666666666666667
52.2573 	WARNING 	0.15483480000011696: Video catchup needed, advancing self._nextFrameT from 0.06666666666666667 to 0.1
52.2732 	EXP 	washout_fixation_cross: autoDraw = False
52.2732 	EXP 	washout_fixation_cross: autoDraw = False
52.2732 	EXP 	movie: autoLog = True
52.2732 	EXP 	movie: movie = 'videos\\snake_5.mp4'
52.2732 	EXP 	movie: ori = 0.0
52.2732 	EXP 	movie: flipHoriz = True
52.2732 	EXP 	movie: autoDraw = True
52.8146 	DATA 	Keypress: escape
52.9028 	EXP 	video_presentation: status = STOPPED
52.9092 	EXP 	movie: autoDraw = False
52.9092 	EXP 	video_presentation: status = STOPPED
54.3881 	EXP 	window1: mouseVisible = True
