8.1022 	WARNING 	Requested an unavailable screen number - using first available.
8.1079 	WARNING 	User requested fullscreen with size [1536  864], but screen is actually [1920, 1080]. Using actual size
9.8726 	EXP 	Created window1 = Window(allowGUI=True, allowStencil=False, autoLog=True, backendConf=UNKNOWN, backgroundFit=<method-wrapper '__getattribute__' of attributeSetter object at 0x0000015DD9FE4E80>, backgroundImage=<method-wrapper '__getattribute__' of attributeSetter object at 0x0000015DD9FE4E20>, bitsMode=UNKNOWN, blendMode='avg', bpc=(8, 8, 8), color=array([0, 0, 0]), colorSpace='rgb', depthBits=8, fullscr=<method-wrapper '__getattribute__' of attributeSetter object at 0x0000015DD9FE4C40>, gamma=None, gammaErrorPolicy='raise', lms=UNKNOWN, monitor=<psychopy.monitors.calibTools.Monitor object at 0x0000015DDA3B6C70>, multiSample=False, name='window1', numSamples=2, pos=(0, 0), screen=1, size=array([1920, 1080]), stencilBits=0, stereo=False, title='PsychoPy', units='height', useFBO=True, useRetina=False, viewOri=0.0, viewPos=None, viewScale=None, waitBlanking=True, winType='pyglet')
9.8728 	EXP 	window1: mouseVisible = True
9.8728 	EXP 	window1: backgroundImage = ''
9.8728 	EXP 	window1: backgroundFit = 'none'
9.8752 	EXP 	window1: Attempting to measure frame rate of screen (1) ...
9.8752 	EXP 	window1: recordFrameIntervals = False
9.9484 	EXP 	window1: recordFrameIntervals = True
10.0247 	EXP 	Screen (1) actual frame rate measured at 143.70Hz
10.0247 	EXP 	window1: recordFrameIntervals = False
10.0250 	EXP 	window1: mouseVisible = False
12.7370 	EXP 	video_presentation: status = STARTED
12.7455 	EXP 	window1: mouseVisible = True
12.8174 	EXP 	Created text = TextStim(__class__=<class 'psychopy.visual.text.TextStim'>, alignHoriz=method-wrapper(...), alignText='center', alignVert=method-wrapper(...), anchorHoriz='center', anchorVert='center', antialias=True, autoDraw=False, autoLog=True, bold=False, color=array([-1., -1., -1.]), colorSpace='rgb', contrast=1.0, depth=-2.0, draggable=False, flipHoriz=True, flipVert=False, font='Open Sans', fontFiles=[], height=0.05, italic=False, languageStyle='LTR', name='text', opacity=1.0, ori=0.0, pos=array([0., 0.]), rgb=UNKNOWN, text='Waiting for scanner...', units='height', win=Window(...), wrapWidth=1)
12.8176 	EXP 	window1: mouseVisible = True
12.8294 	EXP 	Created dummy_fixation = TextStim(__class__=<class 'psychopy.visual.text.TextStim'>, alignHoriz=method-wrapper(...), alignText='center', alignVert=method-wrapper(...), anchorHoriz='center', anchorVert='center', antialias=True, autoDraw=False, autoLog=True, bold=False, color=array([-1., -1., -1.]), colorSpace='rgb', contrast=1.0, depth=0.0, draggable=False, flipHoriz=False, flipVert=False, font='Open Sans', fontFiles=[], height=0.1, italic=False, languageStyle='LTR', name='dummy_fixation', opacity=1.0, ori=0.0, pos=array([0., 0.]), rgb=UNKNOWN, text='+', units='height', win=Window(...), wrapWidth=1)
12.8296 	EXP 	window1: mouseVisible = True
12.8333 	EXP 	Created rating_fixation = TextStim(__class__=<class 'psychopy.visual.text.TextStim'>, alignHoriz=method-wrapper(...), alignText='center', alignVert=method-wrapper(...), anchorHoriz='center', anchorVert='center', antialias=True, autoDraw=False, autoLog=True, bold=False, color=array([ 1., -1., -1.]), colorSpace='rgb', contrast=1.0, depth=0.0, draggable=False, flipHoriz=False, flipVert=False, font='Open Sans', fontFiles=[], height=0.1, italic=False, languageStyle='LTR', name='rating_fixation', opacity=1.0, ori=0.0, pos=array([0., 0.]), rgb=UNKNOWN, text='+', units='height', win=Window(...), wrapWidth=1)
12.8334 	EXP 	window1: mouseVisible = True
12.8370 	EXP 	Created fixation = TextStim(__class__=<class 'psychopy.visual.text.TextStim'>, alignHoriz=method-wrapper(...), alignText='center', alignVert=method-wrapper(...), anchorHoriz='center', anchorVert='center', antialias=True, autoDraw=False, autoLog=True, bold=False, color=array([-1., -1., -1.]), colorSpace='rgb', contrast=1.0, depth=0.0, draggable=False, flipHoriz=False, flipVert=False, font='Open Sans', fontFiles=[], height=0.1, italic=False, languageStyle='LTR', name='fixation', opacity=1.0, ori=0.0, pos=array([0., 0.]), rgb=UNKNOWN, text='+', units='height', win=Window(...), wrapWidth=1)
12.8372 	EXP 	window1: mouseVisible = True
12.8414 	EXP 	Created end_text = TextStim(__class__=<class 'psychopy.visual.text.TextStim'>, alignHoriz=method-wrapper(...), alignText='center', alignVert=method-wrapper(...), anchorHoriz='center', anchorVert='center', antialias=True, autoDraw=False, autoLog=True, bold=False, color=array([-1., -1., -1.]), colorSpace='rgb', contrast=1.0, depth=0.0, draggable=False, flipHoriz=True, flipVert=False, font='Open Sans', fontFiles=[], height=0.05, italic=False, languageStyle='LTR', name='end_text', opacity=1.0, ori=0.0, pos=array([0., 0.]), rgb=UNKNOWN, text='+', units='height', win=Window(...), wrapWidth=1)
0.0381 	EXP 	text: autoDraw = True
0.4277 	DATA 	Keypress: t
0.4309 	EXP 	text: autoDraw = False
0.4309 	EXP 	dummy_fixation: autoDraw = True
10.4269 	EXP 	Created sequence: sequential, trialTypes=1, nReps=150, seed=None
10.4278 	EXP 	New trial (rep=0, index=0): None
10.6074 	EXP 	Created movie = MovieStim3(__class__=<class 'psychopy.visual.movie3.MovieStim3'>, anchor=('center', 'center'), autoLog=True, color=UNKNOWN, colorSpace=UNKNOWN, depth=-1.0, filename='videos\\butterfly_18.mp4', flipHoriz=False, flipVert=False, fps=UNKNOWN, interpolate=True, loop=False, name='movie', noAudio=True, opacity=1, ori=method-wrapper(...), pos=array([0., 0.]), size=None, units='height', vframe_callback=UNKNOWN, volume=UNKNOWN, win=Window(...))
10.7975 	WARNING 	0.19008400000166148: Video catchup needed, advancing self._nextFrameT from 0.0 to 0.04170833333333333
10.7975 	WARNING 	0.1901365999947302: Video catchup needed, advancing self._nextFrameT from 0.04170833333333333 to 0.08341666666666667
10.7976 	WARNING 	0.19016100000590086: Video catchup needed, advancing self._nextFrameT from 0.08341666666666667 to 0.125125
10.8097 	EXP 	dummy_fixation: autoDraw = False
10.8097 	EXP 	movie: autoLog = True
10.8097 	EXP 	movie: movie = 'videos\\butterfly_18.mp4'
10.8097 	EXP 	movie: ori = 0.0
10.8097 	EXP 	movie: flipHoriz = True
10.8097 	EXP 	movie: autoDraw = True
13.4345 	EXP 	movie: autoDraw = False
13.4345 	EXP 	rating_fixation: autoDraw = True
19.3804 	DATA 	Keypress: 4
19.3863 	EXP 	rating_fixation: autoDraw = False
19.3863 	EXP 	fixation: autoDraw = True
20.3811 	EXP 	New trial (rep=1, index=0): None
20.3818 	EXP 	Created movie = MovieStim3(__class__=<class 'psychopy.visual.movie3.MovieStim3'>, anchor=('center', 'center'), autoLog=True, color=UNKNOWN, colorSpace=UNKNOWN, depth=-1.0, filename='videos\\fish_4.mp4', flipHoriz=False, flipVert=False, fps=UNKNOWN, interpolate=True, loop=False, name='movie', noAudio=True, opacity=1, ori=method-wrapper(...), pos=array([0., 0.]), size=None, units='height', vframe_callback=UNKNOWN, volume=UNKNOWN, win=Window(...))
20.5868 	WARNING 	0.2049447000026703: Video catchup needed, advancing self._nextFrameT from 0.0 to 0.03336666666666667
20.5868 	WARNING 	0.20500290003838018: Video catchup needed, advancing self._nextFrameT from 0.03336666666666667 to 0.06673333333333334
20.5868 	WARNING 	0.20503130002180114: Video catchup needed, advancing self._nextFrameT from 0.06673333333333334 to 0.10010000000000001
20.5869 	WARNING 	0.2050549000268802: Video catchup needed, advancing self._nextFrameT from 0.10010000000000001 to 0.13346666666666668
20.5869 	WARNING 	0.20507700002053753: Video catchup needed, advancing self._nextFrameT from 0.13346666666666668 to 0.16683333333333333
20.6168 	EXP 	fixation: autoDraw = False
20.6168 	EXP 	fixation: autoDraw = False
20.6168 	EXP 	movie: autoLog = True
20.6168 	EXP 	movie: movie = 'videos\\fish_4.mp4'
20.6168 	EXP 	movie: ori = 0.0
20.6168 	EXP 	movie: flipHoriz = True
20.6168 	EXP 	movie: autoDraw = True
23.3740 	EXP 	Set movie finished
23.3948 	EXP 	movie: autoDraw = False
23.3948 	EXP 	rating_fixation: autoDraw = True
28.1042 	DATA 	Keypress: 2
28.1107 	EXP 	rating_fixation: autoDraw = False
28.1107 	EXP 	fixation: autoDraw = True
29.1053 	EXP 	New trial (rep=2, index=0): None
29.1060 	EXP 	Created movie = MovieStim3(__class__=<class 'psychopy.visual.movie3.MovieStim3'>, anchor=('center', 'center'), autoLog=True, color=UNKNOWN, colorSpace=UNKNOWN, depth=-1.0, filename='videos\\caterpillar_19.mp4', flipHoriz=False, flipVert=False, fps=UNKNOWN, interpolate=True, loop=False, name='movie', noAudio=True, opacity=1, ori=method-wrapper(...), pos=array([0., 0.]), size=None, units='height', vframe_callback=UNKNOWN, volume=UNKNOWN, win=Window(...))
29.2916 	WARNING 	0.18556680000619963: Video catchup needed, advancing self._nextFrameT from 0.0 to 0.041666666666666664
29.2917 	WARNING 	0.18564989999867976: Video catchup needed, advancing self._nextFrameT from 0.041666666666666664 to 0.08333333333333333
29.2917 	WARNING 	0.18568940000841394: Video catchup needed, advancing self._nextFrameT from 0.08333333333333333 to 0.125
29.3074 	EXP 	fixation: autoDraw = False
29.3074 	EXP 	fixation: autoDraw = False
29.3074 	EXP 	movie: autoLog = True
29.3074 	EXP 	movie: movie = 'videos\\caterpillar_19.mp4'
29.3074 	EXP 	movie: ori = 0.0
29.3074 	EXP 	movie: flipHoriz = True
29.3074 	EXP 	movie: autoDraw = True
32.1179 	EXP 	movie: autoDraw = False
32.1179 	EXP 	rating_fixation: autoDraw = True
49.1899 	DATA 	Keypress: 5
49.1966 	EXP 	rating_fixation: autoDraw = False
49.1966 	EXP 	fixation: autoDraw = True
50.1912 	EXP 	New trial (rep=3, index=0): None
50.1919 	EXP 	Created movie = MovieStim3(__class__=<class 'psychopy.visual.movie3.MovieStim3'>, anchor=('center', 'center'), autoLog=True, color=UNKNOWN, colorSpace=UNKNOWN, depth=-1.0, filename='videos\\rabbit_8.mp4', flipHoriz=False, flipVert=False, fps=UNKNOWN, interpolate=True, loop=False, name='movie', noAudio=True, opacity=1, ori=method-wrapper(...), pos=array([0., 0.]), size=None, units='height', vframe_callback=UNKNOWN, volume=UNKNOWN, win=Window(...))
50.4079 	WARNING 	0.21593130001565441: Video catchup needed, advancing self._nextFrameT from 0.0 to 0.03336666666666667
50.4079 	WARNING 	0.2159883999847807: Video catchup needed, advancing self._nextFrameT from 0.03336666666666667 to 0.06673333333333334
50.4079 	WARNING 	0.21601080003893003: Video catchup needed, advancing self._nextFrameT from 0.06673333333333334 to 0.10010000000000001
50.4079 	WARNING 	0.21602910000365227: Video catchup needed, advancing self._nextFrameT from 0.10010000000000001 to 0.13346666666666668
50.4080 	WARNING 	0.21605440002167597: Video catchup needed, advancing self._nextFrameT from 0.13346666666666668 to 0.16683333333333333
50.4266 	EXP 	fixation: autoDraw = False
50.4266 	EXP 	fixation: autoDraw = False
50.4266 	EXP 	movie: autoLog = True
50.4266 	EXP 	movie: movie = 'videos\\rabbit_8.mp4'
50.4266 	EXP 	movie: ori = 0.0
50.4266 	EXP 	movie: flipHoriz = True
50.4266 	EXP 	movie: autoDraw = True
53.1819 	EXP 	Set movie finished
53.2029 	EXP 	movie: autoDraw = False
53.2029 	EXP 	rating_fixation: autoDraw = True
54.9121 	DATA 	Keypress: 2
54.9184 	EXP 	rating_fixation: autoDraw = False
54.9184 	EXP 	fixation: autoDraw = True
55.9131 	EXP 	New trial (rep=4, index=0): None
55.9138 	EXP 	Created movie = MovieStim3(__class__=<class 'psychopy.visual.movie3.MovieStim3'>, anchor=('center', 'center'), autoLog=True, color=UNKNOWN, colorSpace=UNKNOWN, depth=-1.0, filename='videos\\cat_18.mp4', flipHoriz=False, flipVert=False, fps=UNKNOWN, interpolate=True, loop=False, name='movie', noAudio=True, opacity=1, ori=method-wrapper(...), pos=array([0., 0.]), size=None, units='height', vframe_callback=UNKNOWN, volume=UNKNOWN, win=Window(...))
56.1322 	WARNING 	0.2182862000190653: Video catchup needed, advancing self._nextFrameT from 0.0 to 0.03336666666666667
56.1323 	WARNING 	0.21838749997550622: Video catchup needed, advancing self._nextFrameT from 0.03336666666666667 to 0.06673333333333334
56.1323 	WARNING 	0.2184267999837175: Video catchup needed, advancing self._nextFrameT from 0.06673333333333334 to 0.10010000000000001
56.1323 	WARNING 	0.21846160001587123: Video catchup needed, advancing self._nextFrameT from 0.10010000000000001 to 0.13346666666666668
56.1324 	WARNING 	0.2185017999727279: Video catchup needed, advancing self._nextFrameT from 0.13346666666666668 to 0.16683333333333333
56.1487 	EXP 	fixation: autoDraw = False
56.1487 	EXP 	fixation: autoDraw = False
56.1487 	EXP 	movie: autoLog = True
56.1487 	EXP 	movie: movie = 'videos\\cat_18.mp4'
56.1487 	EXP 	movie: ori = 0.0
56.1487 	EXP 	movie: flipHoriz = True
56.1487 	EXP 	movie: autoDraw = True
58.9049 	EXP 	Set movie finished
58.9269 	EXP 	movie: autoDraw = False
58.9269 	EXP 	rating_fixation: autoDraw = True
60.4069 	DATA 	Keypress: 3
60.4133 	EXP 	rating_fixation: autoDraw = False
60.4133 	EXP 	fixation: autoDraw = True
61.4078 	EXP 	New trial (rep=5, index=0): None
61.4085 	EXP 	Created movie = MovieStim3(__class__=<class 'psychopy.visual.movie3.MovieStim3'>, anchor=('center', 'center'), autoLog=True, color=UNKNOWN, colorSpace=UNKNOWN, depth=-1.0, filename='videos\\millipede_5.mp4', flipHoriz=False, flipVert=False, fps=UNKNOWN, interpolate=True, loop=False, name='movie', noAudio=True, opacity=1, ori=method-wrapper(...), pos=array([0., 0.]), size=None, units='height', vframe_callback=UNKNOWN, volume=UNKNOWN, win=Window(...))
61.6167 	WARNING 	0.20818969997344539: Video catchup needed, advancing self._nextFrameT from 0.0 to 0.03333333333333333
61.6167 	WARNING 	0.20823879999807104: Video catchup needed, advancing self._nextFrameT from 0.03333333333333333 to 0.06666666666666667
61.6168 	WARNING 	0.20826169999781996: Video catchup needed, advancing self._nextFrameT from 0.06666666666666667 to 0.1
61.6168 	WARNING 	0.20827949995873496: Video catchup needed, advancing self._nextFrameT from 0.1 to 0.13333333333333333
61.6168 	WARNING 	0.20830049994401634: Video catchup needed, advancing self._nextFrameT from 0.13333333333333333 to 0.16666666666666666
61.6321 	EXP 	fixation: autoDraw = False
61.6321 	EXP 	fixation: autoDraw = False
61.6321 	EXP 	movie: autoLog = True
61.6321 	EXP 	movie: movie = 'videos\\millipede_5.mp4'
61.6321 	EXP 	movie: ori = 0.0
61.6321 	EXP 	movie: flipHoriz = True
61.6321 	EXP 	movie: autoDraw = True
64.4145 	EXP 	movie: autoDraw = False
64.4145 	EXP 	rating_fixation: autoDraw = True
74.4535 	DATA 	Keypress: escape
74.5627 	EXP 	video_presentation: status = STOPPED
74.5689 	EXP 	rating_fixation: autoDraw = False
74.5689 	EXP 	video_presentation: status = STOPPED
75.8111 	EXP 	window1: mouseVisible = True
