5.9971 	WARNING 	Requested an unavailable screen number - using first available.
5.9988 	WARNING 	User requested fullscreen with size [1536  864], but screen is actually [1920, 1080]. Using actual size
7.1178 	EXP 	Created window1 = Window(allowGUI=True, allowStencil=False, autoLog=True, backendConf=UNKNOWN, backgroundFit=<method-wrapper '__getattribute__' of attributeSetter object at 0x00000197167AFCA0>, backgroundImage=<method-wrapper '__getattribute__' of attributeSetter object at 0x00000197167AFC40>, bitsMode=UNKNOWN, blendMode='avg', bpc=(8, 8, 8), color=array([0, 0, 0]), colorSpace='rgb', depthBits=8, fullscr=<method-wrapper '__getattribute__' of attributeSetter object at 0x00000197167AFA60>, gamma=None, gammaErrorPolicy='raise', lms=UNKNOWN, monitor=<psychopy.monitors.calibTools.Monitor object at 0x0000019716BF1A90>, multiSample=False, name='window1', numSamples=2, pos=(0, 0), screen=1, size=array([1920, 1080]), stencilBits=0, stereo=False, title='PsychoPy', units='height', useFBO=True, useRetina=False, viewOri=0.0, viewPos=None, viewScale=None, waitBlanking=True, winType='pyglet')
7.1179 	EXP 	window1: mouseVisible = True
7.1180 	EXP 	window1: backgroundImage = ''
7.1180 	EXP 	window1: backgroundFit = 'none'
7.1199 	EXP 	window1: Attempting to measure frame rate of screen (1) ...
7.1199 	EXP 	window1: recordFrameIntervals = False
7.1867 	EXP 	window1: recordFrameIntervals = True
7.2631 	EXP 	Screen (1) actual frame rate measured at 144.15Hz
7.2631 	EXP 	window1: recordFrameIntervals = False
7.2634 	EXP 	window1: mouseVisible = False
9.7796 	EXP 	video_presentation: status = STARTED
9.7987 	EXP 	window1: mouseVisible = True
9.9930 	EXP 	Created text = TextStim(__class__=<class 'psychopy.visual.text.TextStim'>, alignHoriz=method-wrapper(...), alignText='center', alignVert=method-wrapper(...), anchorHoriz='center', anchorVert='center', antialias=True, autoDraw=False, autoLog=True, bold=False, color=array([-1., -1., -1.]), colorSpace='rgb', contrast=1.0, depth=-2.0, draggable=False, flipHoriz=True, flipVert=False, font='Open Sans', fontFiles=[], height=0.05, italic=False, languageStyle='LTR', name='text', opacity=1.0, ori=0.0, pos=array([0., 0.]), rgb=UNKNOWN, text='Waiting for scanner...', units='height', win=Window(...), wrapWidth=1)
9.9931 	EXP 	window1: mouseVisible = True
10.0014 	EXP 	Created dummy_fixation = TextStim(__class__=<class 'psychopy.visual.text.TextStim'>, alignHoriz=method-wrapper(...), alignText='center', alignVert=method-wrapper(...), anchorHoriz='center', anchorVert='center', antialias=True, autoDraw=False, autoLog=True, bold=False, color=array([-1., -1., -1.]), colorSpace='rgb', contrast=1.0, depth=0.0, draggable=False, flipHoriz=False, flipVert=False, font='Open Sans', fontFiles=[], height=0.1, italic=False, languageStyle='LTR', name='dummy_fixation', opacity=1.0, ori=0.0, pos=array([0., 0.]), rgb=UNKNOWN, text='+', units='height', win=Window(...), wrapWidth=1)
10.0015 	EXP 	window1: mouseVisible = True
10.0038 	EXP 	Created rating_fixation = TextStim(__class__=<class 'psychopy.visual.text.TextStim'>, alignHoriz=method-wrapper(...), alignText='center', alignVert=method-wrapper(...), anchorHoriz='center', anchorVert='center', antialias=True, autoDraw=False, autoLog=True, bold=False, color=array([1., 1., 1.]), colorSpace='rgb', contrast=1.0, depth=0.0, draggable=False, flipHoriz=False, flipVert=False, font='Open Sans', fontFiles=[], height=0.1, italic=False, languageStyle='LTR', name='rating_fixation', opacity=1.0, ori=0.0, pos=array([0., 0.]), rgb=UNKNOWN, text='+', units='height', win=Window(...), wrapWidth=1)
10.0039 	EXP 	window1: mouseVisible = True
10.0059 	EXP 	Created fixation = TextStim(__class__=<class 'psychopy.visual.text.TextStim'>, alignHoriz=method-wrapper(...), alignText='center', alignVert=method-wrapper(...), anchorHoriz='center', anchorVert='center', antialias=True, autoDraw=False, autoLog=True, bold=False, color=array([-1., -1., -1.]), colorSpace='rgb', contrast=1.0, depth=0.0, draggable=False, flipHoriz=False, flipVert=False, font='Open Sans', fontFiles=[], height=0.1, italic=False, languageStyle='LTR', name='fixation', opacity=1.0, ori=0.0, pos=array([0., 0.]), rgb=UNKNOWN, text='+', units='height', win=Window(...), wrapWidth=1)
10.0060 	EXP 	window1: mouseVisible = True
10.0179 	EXP 	Created end_text = TextStim(__class__=<class 'psychopy.visual.text.TextStim'>, alignHoriz=method-wrapper(...), alignText='center', alignVert=method-wrapper(...), anchorHoriz='center', anchorVert='center', antialias=True, autoDraw=False, autoLog=True, bold=False, color=array([-1., -1., -1.]), colorSpace='rgb', contrast=1.0, depth=0.0, draggable=False, flipHoriz=True, flipVert=False, font='Open Sans', fontFiles=[], height=0.1, italic=False, languageStyle='LTR', name='end_text', opacity=1.0, ori=0.0, pos=array([0., 0.]), rgb=UNKNOWN, text='Run complete.', units='height', win=Window(...), wrapWidth=1)
0.0293 	EXP 	text: autoDraw = True
1.5165 	DATA 	Keypress: 5
1.5208 	EXP 	text: autoDraw = False
1.5208 	EXP 	dummy_fixation: autoDraw = True
11.5158 	EXP 	Created sequence: sequential, trialTypes=1, nReps=150, seed=None
11.5165 	EXP 	New trial (rep=0, index=0): None
12.2370 	EXP 	Created movie = MovieStim3(__class__=<class 'psychopy.visual.movie3.MovieStim3'>, anchor=('center', 'center'), autoLog=True, color=UNKNOWN, colorSpace=UNKNOWN, depth=-1.0, filename='videos\\millipede_8.mp4', flipHoriz=False, flipVert=False, fps=UNKNOWN, interpolate=True, loop=False, name='movie', noAudio=True, opacity=1, ori=method-wrapper(...), pos=array([0., 0.]), size=None, units='height', vframe_callback=UNKNOWN, volume=UNKNOWN, win=Window(...))
12.4361 	WARNING 	0.19904570002108812: Video catchup needed, advancing self._nextFrameT from 0.0 to 0.04
12.4361 	WARNING 	0.19910179998259991: Video catchup needed, advancing self._nextFrameT from 0.04 to 0.08
12.4362 	WARNING 	0.19912800006568432: Video catchup needed, advancing self._nextFrameT from 0.08 to 0.12
12.4415 	WARNING 	0.20448179997038096: Video catchup needed, advancing self._nextFrameT from 0.12 to 0.16
12.4525 	EXP 	dummy_fixation: autoDraw = False
12.4525 	EXP 	movie: autoLog = True
12.4525 	EXP 	movie: movie = 'videos\\millipede_8.mp4'
12.4525 	EXP 	movie: ori = 0.0
12.4525 	EXP 	movie: flipHoriz = True
12.4525 	EXP 	movie: autoDraw = True
14.5486 	EXP 	movie: autoDraw = False
14.5486 	EXP 	rating_fixation: autoDraw = True
15.6924 	DATA 	Keypress: 1
15.6987 	EXP 	rating_fixation: autoDraw = False
15.6987 	EXP 	fixation: autoDraw = True
16.6935 	EXP 	New trial (rep=1, index=0): None
16.6941 	EXP 	Created movie = MovieStim3(__class__=<class 'psychopy.visual.movie3.MovieStim3'>, anchor=('center', 'center'), autoLog=True, color=UNKNOWN, colorSpace=UNKNOWN, depth=-1.0, filename='videos\\rabbit_14.mp4', flipHoriz=False, flipVert=False, fps=UNKNOWN, interpolate=True, loop=False, name='movie', noAudio=True, opacity=1, ori=method-wrapper(...), pos=array([0., 0.]), size=None, units='height', vframe_callback=UNKNOWN, volume=UNKNOWN, win=Window(...))
16.8488 	WARNING 	0.15472959994804114: Video catchup needed, advancing self._nextFrameT from 0.0 to 0.041666666666666664
16.8489 	WARNING 	0.15478369989432395: Video catchup needed, advancing self._nextFrameT from 0.041666666666666664 to 0.08333333333333333
16.8631 	EXP 	fixation: autoDraw = False
16.8631 	EXP 	fixation: autoDraw = False
16.8631 	EXP 	movie: autoLog = True
16.8631 	EXP 	movie: movie = 'videos\\rabbit_14.mp4'
16.8631 	EXP 	movie: ori = 0.0
16.8631 	EXP 	movie: flipHoriz = True
16.8631 	EXP 	movie: autoDraw = True
19.7007 	EXP 	movie: autoDraw = False
19.7007 	EXP 	rating_fixation: autoDraw = True
20.1680 	DATA 	Keypress: 2
20.1800 	EXP 	rating_fixation: autoDraw = False
20.1800 	EXP 	fixation: autoDraw = True
21.1747 	EXP 	New trial (rep=2, index=0): None
21.1753 	EXP 	Created movie = MovieStim3(__class__=<class 'psychopy.visual.movie3.MovieStim3'>, anchor=('center', 'center'), autoLog=True, color=UNKNOWN, colorSpace=UNKNOWN, depth=-1.0, filename='videos\\millipede_6.mp4', flipHoriz=False, flipVert=False, fps=UNKNOWN, interpolate=True, loop=False, name='movie', noAudio=True, opacity=1, ori=method-wrapper(...), pos=array([0., 0.]), size=None, units='height', vframe_callback=UNKNOWN, volume=UNKNOWN, win=Window(...))
21.3317 	WARNING 	0.1562934999819845: Video catchup needed, advancing self._nextFrameT from 0.0 to 0.04
21.3317 	WARNING 	0.15637350000906736: Video catchup needed, advancing self._nextFrameT from 0.04 to 0.08
21.3364 	WARNING 	0.16104559996165335: Video catchup needed, advancing self._nextFrameT from 0.08 to 0.12
21.3441 	EXP 	fixation: autoDraw = False
21.3441 	EXP 	fixation: autoDraw = False
21.3441 	EXP 	movie: autoLog = True
21.3441 	EXP 	movie: movie = 'videos\\millipede_6.mp4'
21.3441 	EXP 	movie: ori = 0.0
21.3441 	EXP 	movie: flipHoriz = True
21.3441 	EXP 	movie: autoDraw = True
21.7731 	DATA 	Keypress: escape
21.8907 	EXP 	video_presentation: status = STOPPED
21.8969 	EXP 	movie: autoDraw = False
21.8970 	EXP 	video_presentation: status = STOPPED
21.9538 	EXP 	window1: mouseVisible = True
