10.7015 	WARNING 	Requested an unavailable screen number - using first available.
10.7039 	WARNING 	User requested fullscreen with size [1536  864], but screen is actually [1920, 1080]. Using actual size
13.5005 	EXP 	Created window1 = Window(allowGUI=True, allowStencil=False, autoLog=True, backendConf=UNKNOWN, backgroundFit=<method-wrapper '__getattribute__' of attributeSetter object at 0x000001D3E9BE6E50>, backgroundImage=<method-wrapper '__getattribute__' of attributeSetter object at 0x000001D3E9BE6DF0>, bitsMode=UNKNOWN, blendMode='avg', bpc=(8, 8, 8), color=array([0, 0, 0]), colorSpace='rgb', depthBits=8, fullscr=<method-wrapper '__getattribute__' of attributeSetter object at 0x000001D3E9BE6C10>, gamma=None, gammaErrorPolicy='raise', lms=UNKNOWN, monitor=<psychopy.monitors.calibTools.Monitor object at 0x000001D3E9FD6C40>, multiSample=False, name='window1', numSamples=2, pos=(0, 0), screen=1, size=array([1920, 1080]), stencilBits=0, stereo=False, title='PsychoPy', units='height', useFBO=True, useRetina=False, viewOri=0.0, viewPos=None, viewScale=None, waitBlanking=True, winType='pyglet')
13.5006 	EXP 	window1: mouseVisible = True
13.5006 	EXP 	window1: backgroundImage = ''
13.5006 	EXP 	window1: backgroundFit = 'none'
13.5026 	EXP 	window1: Attempting to measure frame rate of screen (1) ...
13.5026 	EXP 	window1: recordFrameIntervals = False
13.5816 	EXP 	window1: recordFrameIntervals = True
13.5977 	WARNING 	t of last frame was 10.40ms (=1/96)
13.6684 	EXP 	Screen (1) actual frame rate measured at 142.14Hz
13.6684 	EXP 	window1: recordFrameIntervals = False
13.6687 	EXP 	window1: mouseVisible = False
17.0677 	EXP 	video_presentation: status = STARTED
17.0759 	EXP 	window1: mouseVisible = True
17.3290 	EXP 	Created text = TextStim(__class__=<class 'psychopy.visual.text.TextStim'>, alignHoriz=method-wrapper(...), alignText='center', alignVert=method-wrapper(...), anchorHoriz='center', anchorVert='center', antialias=True, autoDraw=False, autoLog=True, bold=False, color=array([-1., -1., -1.]), colorSpace='rgb', contrast=1.0, depth=-2.0, draggable=False, flipHoriz=True, flipVert=False, font='Open Sans', fontFiles=[], height=0.05, italic=False, languageStyle='LTR', name='text', opacity=1.0, ori=0.0, pos=array([0., 0.]), rgb=UNKNOWN, text='Waiting for scanner...', units='height', win=Window(...), wrapWidth=1)
17.3292 	EXP 	window1: mouseVisible = True
17.3341 	EXP 	Created dummy_fixation = TextStim(__class__=<class 'psychopy.visual.text.TextStim'>, alignHoriz=method-wrapper(...), alignText='center', alignVert=method-wrapper(...), anchorHoriz='center', anchorVert='center', antialias=True, autoDraw=False, autoLog=True, bold=False, color=array([-1., -1., -1.]), colorSpace='rgb', contrast=1.0, depth=0.0, draggable=False, flipHoriz=False, flipVert=False, font='Open Sans', fontFiles=[], height=0.05, italic=False, languageStyle='LTR', name='dummy_fixation', opacity=1.0, ori=0.0, pos=array([0., 0.]), rgb=UNKNOWN, text='+', units='height', win=Window(...), wrapWidth=1)
17.3343 	EXP 	window1: mouseVisible = True
17.3369 	EXP 	Created rating_fixation = TextStim(__class__=<class 'psychopy.visual.text.TextStim'>, alignHoriz=method-wrapper(...), alignText='center', alignVert=method-wrapper(...), anchorHoriz='center', anchorVert='center', antialias=True, autoDraw=False, autoLog=True, bold=False, color=array([ 1., -1., -1.]), colorSpace='rgb', contrast=1.0, depth=-1.0, draggable=False, flipHoriz=False, flipVert=False, font='Open Sans', fontFiles=[], height=0.05, italic=False, languageStyle='LTR', name='rating_fixation', opacity=1.0, ori=0.0, pos=array([0., 0.]), rgb=UNKNOWN, text='+', units='height', win=Window(...), wrapWidth=1)
17.3371 	EXP 	window1: mouseVisible = True
17.3396 	EXP 	Created fixation = TextStim(__class__=<class 'psychopy.visual.text.TextStim'>, alignHoriz=method-wrapper(...), alignText='center', alignVert=method-wrapper(...), anchorHoriz='center', anchorVert='center', antialias=True, autoDraw=False, autoLog=True, bold=False, color=array([-1., -1., -1.]), colorSpace='rgb', contrast=1.0, depth=0.0, draggable=False, flipHoriz=False, flipVert=False, font='Open Sans', fontFiles=[], height=0.05, italic=False, languageStyle='LTR', name='fixation', opacity=1.0, ori=0.0, pos=array([0., 0.]), rgb=UNKNOWN, text='+', units='height', win=Window(...), wrapWidth=1)
17.3397 	EXP 	window1: mouseVisible = True
17.3422 	EXP 	Created end_text = TextStim(__class__=<class 'psychopy.visual.text.TextStim'>, alignHoriz=method-wrapper(...), alignText='center', alignVert=method-wrapper(...), anchorHoriz='center', anchorVert='center', antialias=True, autoDraw=False, autoLog=True, bold=False, color=array([-1., -1., -1.]), colorSpace='rgb', contrast=1.0, depth=0.0, draggable=False, flipHoriz=True, flipVert=False, font='Open Sans', fontFiles=[], height=0.05, italic=False, languageStyle='LTR', name='end_text', opacity=1.0, ori=0.0, pos=array([0., 0.]), rgb=UNKNOWN, text='+', units='height', win=Window(...), wrapWidth=1)
0.0197 	EXP 	text: autoDraw = True
0.5443 	DATA 	Keypress: t
0.5475 	EXP 	text: autoDraw = False
0.5475 	EXP 	dummy_fixation: autoDraw = True
10.5441 	EXP 	Created sequence: sequential, trialTypes=1, nReps=150, seed=None
10.5449 	EXP 	New trial (rep=0, index=0): None
11.5949 	EXP 	Created movie = MovieStim3(__class__=<class 'psychopy.visual.movie3.MovieStim3'>, anchor=('center', 'center'), autoLog=True, color=UNKNOWN, colorSpace=UNKNOWN, depth=-1.0, filename='videos\\crocodile_8.mp4', flipHoriz=False, flipVert=False, fps=UNKNOWN, interpolate=True, loop=False, name='movie', noAudio=True, opacity=1, ori=method-wrapper(...), pos=array([0., 0.]), size=None, units='height', vframe_callback=UNKNOWN, volume=UNKNOWN, win=Window(...))
11.8855 	WARNING 	0.29052199999568984: Video catchup needed, advancing self._nextFrameT from 0.0 to 0.04170833333333333
11.8856 	WARNING 	0.29062469996279106: Video catchup needed, advancing self._nextFrameT from 0.04170833333333333 to 0.08341666666666667
11.8856 	WARNING 	0.2907124999910593: Video catchup needed, advancing self._nextFrameT from 0.08341666666666667 to 0.125125
11.8857 	WARNING 	0.2907515999977477: Video catchup needed, advancing self._nextFrameT from 0.125125 to 0.16683333333333333
11.8857 	WARNING 	0.2907746999990195: Video catchup needed, advancing self._nextFrameT from 0.16683333333333333 to 0.20854166666666668
11.8987 	WARNING 	0.30380289995810017: Video catchup needed, advancing self._nextFrameT from 0.20854166666666668 to 0.25025000000000003
11.9069 	EXP 	dummy_fixation: autoDraw = False
11.9069 	EXP 	movie: autoLog = True
11.9069 	EXP 	movie: movie = 'videos\\crocodile_8.mp4'
11.9069 	EXP 	movie: ori = 0.0
11.9069 	EXP 	movie: flipHoriz = True
11.9069 	EXP 	movie: autoDraw = True
14.7058 	EXP 	window1: mouseVisible = True
