6.9515 	WARNING 	Requested an unavailable screen number - using first available.
6.9691 	WARNING 	User requested fullscreen with size [1536  864], but screen is actually [1920, 1080]. Using actual size
8.6880 	EXP 	Created window1 = Window(allowGUI=True, allowStencil=False, autoLog=True, backendConf=UNKNOWN, backgroundFit=<method-wrapper '__getattribute__' of attributeSetter object at 0x000001CCCC262310>, backgroundImage=<method-wrapper '__getattribute__' of attributeSetter object at 0x000001CCCC2622B0>, bitsMode=UNKNOWN, blendMode='avg', bpc=(8, 8, 8), color=array([0, 0, 0]), colorSpace='rgb', depthBits=8, fullscr=<method-wrapper '__getattribute__' of attributeSetter object at 0x000001CCCC262100>, gamma=None, gammaErrorPolicy='raise', lms=UNKNOWN, monitor=<psychopy.monitors.calibTools.Monitor object at 0x000001CCCC678160>, multiSample=False, name='window1', numSamples=2, pos=(0, 0), screen=1, size=array([1920, 1080]), stencilBits=0, stereo=False, title='PsychoPy', units='height', useFBO=True, useRetina=False, viewOri=0.0, viewPos=None, viewScale=None, waitBlanking=True, winType='pyglet')
8.6881 	EXP 	window1: mouseVisible = True
8.6882 	EXP 	window1: backgroundImage = ''
8.6882 	EXP 	window1: backgroundFit = 'none'
8.6901 	EXP 	window1: Attempting to measure frame rate of screen (1) ...
8.6902 	EXP 	window1: recordFrameIntervals = False
8.7637 	EXP 	window1: recordFrameIntervals = True
8.8404 	EXP 	Screen (1) actual frame rate measured at 144.12Hz
8.8405 	EXP 	window1: recordFrameIntervals = False
8.8408 	EXP 	window1: mouseVisible = False
11.1422 	EXP 	video_presentation: status = STARTED
11.1512 	EXP 	window1: mouseVisible = True
11.2068 	EXP 	Created text = TextStim(__class__=<class 'psychopy.visual.text.TextStim'>, alignHoriz=method-wrapper(...), alignText='center', alignVert=method-wrapper(...), anchorHoriz='center', anchorVert='center', antialias=True, autoDraw=False, autoLog=True, bold=False, color=array([-1., -1., -1.]), colorSpace='rgb', contrast=1.0, depth=-2.0, draggable=False, flipHoriz=True, flipVert=False, font='Open Sans', fontFiles=[], height=0.05, italic=False, languageStyle='LTR', name='text', opacity=1.0, ori=0.0, pos=array([0., 0.]), rgb=UNKNOWN, text='Waiting for scanner...', units='height', win=Window(...), wrapWidth=1)
11.2069 	EXP 	window1: mouseVisible = True
11.2129 	EXP 	Created dummy_fixation = TextStim(__class__=<class 'psychopy.visual.text.TextStim'>, alignHoriz=method-wrapper(...), alignText='center', alignVert=method-wrapper(...), anchorHoriz='center', anchorVert='center', antialias=True, autoDraw=False, autoLog=True, bold=False, color=array([-1., -1., -1.]), colorSpace='rgb', contrast=1.0, depth=0.0, draggable=False, flipHoriz=False, flipVert=False, font='Open Sans', fontFiles=[], height=0.1, italic=False, languageStyle='LTR', name='dummy_fixation', opacity=1.0, ori=0.0, pos=array([0., 0.]), rgb=UNKNOWN, text='+', units='height', win=Window(...), wrapWidth=1)
11.2130 	EXP 	window1: mouseVisible = True
11.2150 	EXP 	Created rating_fixation = TextStim(__class__=<class 'psychopy.visual.text.TextStim'>, alignHoriz=method-wrapper(...), alignText='center', alignVert=method-wrapper(...), anchorHoriz='center', anchorVert='center', antialias=True, autoDraw=False, autoLog=True, bold=False, color=array([ 1.    , -0.4588, -1.    ]), colorSpace='rgb', contrast=1.0, depth=0.0, draggable=False, flipHoriz=False, flipVert=False, font='Open Sans', fontFiles=[], height=0.1, italic=False, languageStyle='LTR', name='rating_fixation', opacity=1.0, ori=0.0, pos=array([0., 0.]), rgb=UNKNOWN, text='+', units='height', win=Window(...), wrapWidth=1)
11.2152 	EXP 	window1: mouseVisible = True
11.2178 	EXP 	Created fixation = TextStim(__class__=<class 'psychopy.visual.text.TextStim'>, alignHoriz=method-wrapper(...), alignText='center', alignVert=method-wrapper(...), anchorHoriz='center', anchorVert='center', antialias=True, autoDraw=False, autoLog=True, bold=False, color=array([-1., -1., -1.]), colorSpace='rgb', contrast=1.0, depth=0.0, draggable=False, flipHoriz=False, flipVert=False, font='Open Sans', fontFiles=[], height=0.1, italic=False, languageStyle='LTR', name='fixation', opacity=1.0, ori=0.0, pos=array([0., 0.]), rgb=UNKNOWN, text='+', units='height', win=Window(...), wrapWidth=1)
11.2179 	EXP 	window1: mouseVisible = True
11.2212 	EXP 	Created end_text = TextStim(__class__=<class 'psychopy.visual.text.TextStim'>, alignHoriz=method-wrapper(...), alignText='center', alignVert=method-wrapper(...), anchorHoriz='center', anchorVert='center', antialias=True, autoDraw=False, autoLog=True, bold=False, color=array([-1., -1., -1.]), colorSpace='rgb', contrast=1.0, depth=0.0, draggable=False, flipHoriz=True, flipVert=False, font='Open Sans', fontFiles=[], height=0.05, italic=False, languageStyle='LTR', name='end_text', opacity=1.0, ori=0.0, pos=array([0., 0.]), rgb=UNKNOWN, text='+', units='height', win=Window(...), wrapWidth=1)
0.0298 	EXP 	text: autoDraw = True
2.4966 	DATA 	Keypress: t
2.5005 	EXP 	text: autoDraw = False
2.5005 	EXP 	dummy_fixation: autoDraw = True
12.4958 	EXP 	Created sequence: sequential, trialTypes=1, nReps=150, seed=None
12.4966 	EXP 	New trial (rep=0, index=0): None
12.6760 	EXP 	Created movie = MovieStim3(__class__=<class 'psychopy.visual.movie3.MovieStim3'>, anchor=('center', 'center'), autoLog=True, color=UNKNOWN, colorSpace=UNKNOWN, depth=-1.0, filename='videos\\shark_9.mp4', flipHoriz=False, flipVert=False, fps=UNKNOWN, interpolate=True, loop=False, name='movie', noAudio=True, opacity=1, ori=method-wrapper(...), pos=array([0., 0.]), size=None, units='height', vframe_callback=UNKNOWN, volume=UNKNOWN, win=Window(...))
12.8814 	WARNING 	0.20537500001955777: Video catchup needed, advancing self._nextFrameT from 0.0 to 0.04
12.8814 	WARNING 	0.20542730001034215: Video catchup needed, advancing self._nextFrameT from 0.04 to 0.08
12.8814 	WARNING 	0.20544869999866933: Video catchup needed, advancing self._nextFrameT from 0.08 to 0.12
12.8815 	WARNING 	0.20546600001398474: Video catchup needed, advancing self._nextFrameT from 0.12 to 0.16
12.8958 	EXP 	dummy_fixation: autoDraw = False
12.8958 	EXP 	movie: autoLog = True
12.8958 	EXP 	movie: movie = 'videos\\shark_9.mp4'
12.8958 	EXP 	movie: ori = 0.0
12.8958 	EXP 	movie: flipHoriz = True
12.8958 	EXP 	movie: autoDraw = True
15.5075 	EXP 	movie: autoDraw = False
15.5075 	EXP 	rating_fixation: autoDraw = True
16.7860 	DATA 	Keypress: t
17.8487 	DATA 	Keypress: 4
17.8550 	EXP 	rating_fixation: autoDraw = False
17.8550 	EXP 	fixation: autoDraw = True
18.6346 	DATA 	Keypress: escape
18.7237 	EXP 	video_presentation: status = STOPPED
18.7303 	EXP 	fixation: autoDraw = False
18.7303 	EXP 	video_presentation: status = STOPPED
19.9249 	EXP 	window1: mouseVisible = True
