7.7875 	WARNING 	Requested an unavailable screen number - using first available.
7.8002 	WARNING 	User requested fullscreen with size [1536  864], but screen is actually [1920, 1080]. Using actual size
9.5422 	EXP 	Created window1 = Window(allowGUI=True, allowStencil=False, autoLog=True, backendConf=UNKNOWN, backgroundFit=<method-wrapper '__getattribute__' of attributeSetter object at 0x00000221688D2C70>, backgroundImage=<method-wrapper '__getattribute__' of attributeSetter object at 0x00000221688D2C10>, bitsMode=UNKNOWN, blendMode='avg', bpc=(8, 8, 8), color=array([0, 0, 0]), colorSpace='rgb', depthBits=8, fullscr=<method-wrapper '__getattribute__' of attributeSetter object at 0x00000221688D2A60>, gamma=None, gammaErrorPolicy='raise', lms=UNKNOWN, monitor=<psychopy.monitors.calibTools.Monitor object at 0x0000022168C87460>, multiSample=False, name='window1', numSamples=2, pos=(0, 0), screen=1, size=array([1920, 1080]), stencilBits=0, stereo=False, title='PsychoPy', units='height', useFBO=True, useRetina=False, viewOri=0.0, viewPos=None, viewScale=None, waitBlanking=True, winType='pyglet')
9.5423 	EXP 	window1: mouseVisible = True
9.5424 	EXP 	window1: backgroundImage = ''
9.5424 	EXP 	window1: backgroundFit = 'none'
9.5443 	EXP 	window1: Attempting to measure frame rate of screen (1) ...
9.5443 	EXP 	window1: recordFrameIntervals = False
9.6114 	EXP 	window1: recordFrameIntervals = True
9.6882 	EXP 	Screen (1) actual frame rate measured at 144.17Hz
9.6882 	EXP 	window1: recordFrameIntervals = False
9.6885 	EXP 	window1: mouseVisible = False
12.1000 	EXP 	video_presentation: status = STARTED
12.1094 	EXP 	window1: mouseVisible = True
12.1759 	EXP 	Created text = TextStim(__class__=<class 'psychopy.visual.text.TextStim'>, alignHoriz=method-wrapper(...), alignText='center', alignVert=method-wrapper(...), anchorHoriz='center', anchorVert='center', antialias=True, autoDraw=False, autoLog=True, bold=False, color=array([-1., -1., -1.]), colorSpace='rgb', contrast=1.0, depth=-2.0, draggable=False, flipHoriz=True, flipVert=False, font='Open Sans', fontFiles=[], height=0.05, italic=False, languageStyle='LTR', name='text', opacity=1.0, ori=0.0, pos=array([0., 0.]), rgb=UNKNOWN, text='Waiting for scanner...', units='height', win=Window(...), wrapWidth=1)
12.1761 	EXP 	window1: mouseVisible = True
12.1804 	EXP 	Created dummy_fixation = TextStim(__class__=<class 'psychopy.visual.text.TextStim'>, alignHoriz=method-wrapper(...), alignText='center', alignVert=method-wrapper(...), anchorHoriz='center', anchorVert='center', antialias=True, autoDraw=False, autoLog=True, bold=False, color=array([-1., -1., -1.]), colorSpace='rgb', contrast=1.0, depth=0.0, draggable=False, flipHoriz=False, flipVert=False, font='Open Sans', fontFiles=[], height=0.05, italic=False, languageStyle='LTR', name='dummy_fixation', opacity=1.0, ori=0.0, pos=array([0., 0.]), rgb=UNKNOWN, text='+', units='height', win=Window(...), wrapWidth=1)
12.1806 	EXP 	window1: mouseVisible = True
12.1836 	EXP 	Created rating_fixation = TextStim(__class__=<class 'psychopy.visual.text.TextStim'>, alignHoriz=method-wrapper(...), alignText='center', alignVert=method-wrapper(...), anchorHoriz='center', anchorVert='center', antialias=True, autoDraw=False, autoLog=True, bold=False, color=array([ 1., -1., -1.]), colorSpace='rgb', contrast=1.0, depth=-1.0, draggable=False, flipHoriz=False, flipVert=False, font='Open Sans', fontFiles=[], height=0.05, italic=False, languageStyle='LTR', name='rating_fixation', opacity=1.0, ori=0.0, pos=array([0., 0.]), rgb=UNKNOWN, text='+', units='height', win=Window(...), wrapWidth=1)
12.1838 	EXP 	window1: mouseVisible = True
12.1864 	EXP 	Created fixation = TextStim(__class__=<class 'psychopy.visual.text.TextStim'>, alignHoriz=method-wrapper(...), alignText='center', alignVert=method-wrapper(...), anchorHoriz='center', anchorVert='center', antialias=True, autoDraw=False, autoLog=True, bold=False, color=array([-1., -1., -1.]), colorSpace='rgb', contrast=1.0, depth=0.0, draggable=False, flipHoriz=False, flipVert=False, font='Open Sans', fontFiles=[], height=0.05, italic=False, languageStyle='LTR', name='fixation', opacity=1.0, ori=0.0, pos=array([0., 0.]), rgb=UNKNOWN, text='+', units='height', win=Window(...), wrapWidth=1)
12.1865 	EXP 	window1: mouseVisible = True
12.1894 	EXP 	Created end_text = TextStim(__class__=<class 'psychopy.visual.text.TextStim'>, alignHoriz=method-wrapper(...), alignText='center', alignVert=method-wrapper(...), anchorHoriz='center', anchorVert='center', antialias=True, autoDraw=False, autoLog=True, bold=False, color=array([-1., -1., -1.]), colorSpace='rgb', contrast=1.0, depth=0.0, draggable=False, flipHoriz=True, flipVert=False, font='Open Sans', fontFiles=[], height=0.05, italic=False, languageStyle='LTR', name='end_text', opacity=1.0, ori=0.0, pos=array([0., 0.]), rgb=UNKNOWN, text='+', units='height', win=Window(...), wrapWidth=1)
0.0369 	EXP 	text: autoDraw = True
0.9126 	DATA 	Keypress: t
0.9161 	EXP 	text: autoDraw = False
0.9161 	EXP 	dummy_fixation: autoDraw = True
10.9118 	EXP 	Created sequence: sequential, trialTypes=1, nReps=150, seed=None
10.9126 	EXP 	New trial (rep=0, index=0): None
11.1069 	EXP 	Created movie = MovieStim3(__class__=<class 'psychopy.visual.movie3.MovieStim3'>, anchor=('center', 'center'), autoLog=True, color=UNKNOWN, colorSpace=UNKNOWN, depth=-1.0, filename='videos\\butterfly_12.mp4', flipHoriz=False, flipVert=False, fps=UNKNOWN, interpolate=True, loop=False, name='movie', noAudio=True, opacity=1, ori=method-wrapper(...), pos=array([0., 0.]), size=None, units='height', vframe_callback=UNKNOWN, volume=UNKNOWN, win=Window(...))
11.3202 	WARNING 	0.2132536999997683: Video catchup needed, advancing self._nextFrameT from 0.0 to 0.03333333333333333
11.3202 	WARNING 	0.2133132999879308: Video catchup needed, advancing self._nextFrameT from 0.03333333333333333 to 0.06666666666666667
11.3203 	WARNING 	0.2133406000211835: Video catchup needed, advancing self._nextFrameT from 0.06666666666666667 to 0.1
11.3203 	WARNING 	0.21336420002626255: Video catchup needed, advancing self._nextFrameT from 0.1 to 0.13333333333333333
11.3203 	WARNING 	0.21338640002068132: Video catchup needed, advancing self._nextFrameT from 0.13333333333333333 to 0.16666666666666666
11.3456 	EXP 	dummy_fixation: autoDraw = False
11.3456 	EXP 	movie: autoLog = True
11.3456 	EXP 	movie: movie = 'videos\\butterfly_12.mp4'
11.3456 	EXP 	movie: ori = 0.0
11.3456 	EXP 	movie: flipHoriz = True
11.3456 	EXP 	movie: autoDraw = True
13.9233 	EXP 	movie: autoDraw = False
13.9233 	EXP 	rating_fixation: autoDraw = True
16.3383 	DATA 	Keypress: 5
16.3454 	EXP 	rating_fixation: autoDraw = False
16.3454 	EXP 	fixation: autoDraw = True
17.3402 	EXP 	New trial (rep=1, index=0): None
17.3409 	EXP 	Created movie = MovieStim3(__class__=<class 'psychopy.visual.movie3.MovieStim3'>, anchor=('center', 'center'), autoLog=True, color=UNKNOWN, colorSpace=UNKNOWN, depth=-1.0, filename='videos\\bull_8.mp4', flipHoriz=False, flipVert=False, fps=UNKNOWN, interpolate=True, loop=False, name='movie', noAudio=True, opacity=1, ori=method-wrapper(...), pos=array([0., 0.]), size=None, units='height', vframe_callback=UNKNOWN, volume=UNKNOWN, win=Window(...))
17.5498 	WARNING 	0.20875240000896156: Video catchup needed, advancing self._nextFrameT from 0.0 to 0.04
17.5498 	WARNING 	0.20880170003511012: Video catchup needed, advancing self._nextFrameT from 0.04 to 0.08
17.5498 	WARNING 	0.2088235000264831: Video catchup needed, advancing self._nextFrameT from 0.08 to 0.12
17.5498 	WARNING 	0.2088408000417985: Video catchup needed, advancing self._nextFrameT from 0.12 to 0.16
17.5652 	EXP 	fixation: autoDraw = False
17.5652 	EXP 	fixation: autoDraw = False
17.5652 	EXP 	movie: autoLog = True
17.5652 	EXP 	movie: movie = 'videos\\bull_8.mp4'
17.5652 	EXP 	movie: ori = 0.0
17.5652 	EXP 	movie: flipHoriz = True
17.5652 	EXP 	movie: autoDraw = True
20.3483 	EXP 	movie: autoDraw = False
20.3483 	EXP 	rating_fixation: autoDraw = True
21.6562 	DATA 	Keypress: 2
21.6674 	EXP 	rating_fixation: autoDraw = False
21.6674 	EXP 	fixation: autoDraw = True
22.6624 	EXP 	New trial (rep=2, index=0): None
22.6632 	EXP 	Created movie = MovieStim3(__class__=<class 'psychopy.visual.movie3.MovieStim3'>, anchor=('center', 'center'), autoLog=True, color=UNKNOWN, colorSpace=UNKNOWN, depth=-1.0, filename='videos\\crocodile_6.mp4', flipHoriz=False, flipVert=False, fps=UNKNOWN, interpolate=True, loop=False, name='movie', noAudio=True, opacity=1, ori=method-wrapper(...), pos=array([0., 0.]), size=None, units='height', vframe_callback=UNKNOWN, volume=UNKNOWN, win=Window(...))
22.8846 	WARNING 	0.22141409997129813: Video catchup needed, advancing self._nextFrameT from 0.0 to 0.041666666666666664
22.8847 	WARNING 	0.22146549995522946: Video catchup needed, advancing self._nextFrameT from 0.041666666666666664 to 0.08333333333333333
22.8847 	WARNING 	0.2214994999812916: Video catchup needed, advancing self._nextFrameT from 0.08333333333333333 to 0.125
22.8847 	WARNING 	0.22153449995676056: Video catchup needed, advancing self._nextFrameT from 0.125 to 0.16666666666666666
22.9199 	EXP 	fixation: autoDraw = False
22.9199 	EXP 	fixation: autoDraw = False
22.9199 	EXP 	movie: autoLog = True
22.9199 	EXP 	movie: movie = 'videos\\crocodile_6.mp4'
22.9199 	EXP 	movie: ori = 0.0
22.9199 	EXP 	movie: flipHoriz = True
22.9199 	EXP 	movie: autoDraw = True
25.6748 	EXP 	movie: autoDraw = False
25.6748 	EXP 	rating_fixation: autoDraw = True
26.6481 	DATA 	Keypress: 4
26.6541 	EXP 	rating_fixation: autoDraw = False
26.6541 	EXP 	fixation: autoDraw = True
27.6527 	EXP 	New trial (rep=3, index=0): None
27.6535 	EXP 	Created movie = MovieStim3(__class__=<class 'psychopy.visual.movie3.MovieStim3'>, anchor=('center', 'center'), autoLog=True, color=UNKNOWN, colorSpace=UNKNOWN, depth=-1.0, filename='videos\\butterfly_18.mp4', flipHoriz=False, flipVert=False, fps=UNKNOWN, interpolate=True, loop=False, name='movie', noAudio=True, opacity=1, ori=method-wrapper(...), pos=array([0., 0.]), size=None, units='height', vframe_callback=UNKNOWN, volume=UNKNOWN, win=Window(...))
27.8561 	WARNING 	0.20254720002412796: Video catchup needed, advancing self._nextFrameT from 0.0 to 0.04170833333333333
27.8562 	WARNING 	0.20260340004460886: Video catchup needed, advancing self._nextFrameT from 0.04170833333333333 to 0.08341666666666667
27.8562 	WARNING 	0.20262580004055053: Video catchup needed, advancing self._nextFrameT from 0.08341666666666667 to 0.125125
27.8643 	WARNING 	0.21071900002425537: Video catchup needed, advancing self._nextFrameT from 0.125125 to 0.16683333333333333
27.8780 	EXP 	fixation: autoDraw = False
27.8780 	EXP 	movie: autoLog = True
27.8780 	EXP 	movie: movie = 'videos\\butterfly_18.mp4'
27.8780 	EXP 	movie: ori = 0.0
27.8780 	EXP 	movie: flipHoriz = True
27.8780 	EXP 	movie: autoDraw = True
28.7960 	DATA 	Mouse: Left button down, pos=(1303,507)
29.0254 	DATA 	Mouse:  Left button up, pos=(1303,507)
30.6575 	EXP 	Set movie finished
30.6716 	EXP 	movie: autoDraw = False
30.6716 	EXP 	rating_fixation: autoDraw = True
31.2422 	DATA 	Keypress: 1
31.2480 	EXP 	rating_fixation: autoDraw = False
31.2480 	EXP 	fixation: autoDraw = True
32.2424 	EXP 	New trial (rep=4, index=0): None
32.2431 	EXP 	Created movie = MovieStim3(__class__=<class 'psychopy.visual.movie3.MovieStim3'>, anchor=('center', 'center'), autoLog=True, color=UNKNOWN, colorSpace=UNKNOWN, depth=-1.0, filename='videos\\bull_17.mp4', flipHoriz=False, flipVert=False, fps=UNKNOWN, interpolate=True, loop=False, name='movie', noAudio=True, opacity=1, ori=method-wrapper(...), pos=array([0., 0.]), size=None, units='height', vframe_callback=UNKNOWN, volume=UNKNOWN, win=Window(...))
32.4491 	WARNING 	0.20601849997183308: Video catchup needed, advancing self._nextFrameT from 0.0 to 0.016666666666666666
32.4492 	WARNING 	0.2060662999865599: Video catchup needed, advancing self._nextFrameT from 0.016666666666666666 to 0.03333333333333333
32.4492 	WARNING 	0.20608829997945577: Video catchup needed, advancing self._nextFrameT from 0.03333333333333333 to 0.05
32.4492 	WARNING 	0.20611009997082874: Video catchup needed, advancing self._nextFrameT from 0.05 to 0.06666666666666667
32.4492 	WARNING 	0.2061280999914743: Video catchup needed, advancing self._nextFrameT from 0.06666666666666667 to 0.08333333333333333
32.4492 	WARNING 	0.20614540000678971: Video catchup needed, advancing self._nextFrameT from 0.08333333333333333 to 0.09999999999999999
32.4493 	WARNING 	0.20616280002286658: Video catchup needed, advancing self._nextFrameT from 0.09999999999999999 to 0.11666666666666665
32.4493 	WARNING 	0.20617979997768998: Video catchup needed, advancing self._nextFrameT from 0.11666666666666665 to 0.13333333333333333
32.4493 	WARNING 	0.2061962999869138: Video catchup needed, advancing self._nextFrameT from 0.13333333333333333 to 0.15
32.4493 	WARNING 	0.20621259999461472: Video catchup needed, advancing self._nextFrameT from 0.15 to 0.16666666666666666
32.4493 	WARNING 	Max reportNDroppedFrames reached, will not log any more dropped frames
32.4748 	WARNING 	0.23173830000450835: Video catchup needed, advancing self._nextFrameT from 0.18333333333333332 to 0.19999999999999998
32.4901 	EXP 	fixation: autoDraw = False
32.4901 	EXP 	fixation: autoDraw = False
32.4901 	EXP 	movie: autoLog = True
32.4901 	EXP 	movie: movie = 'videos\\bull_17.mp4'
32.4901 	EXP 	movie: ori = 0.0
32.4901 	EXP 	movie: flipHoriz = True
32.4901 	EXP 	movie: autoDraw = True
35.2540 	EXP 	movie: autoDraw = False
35.2540 	EXP 	rating_fixation: autoDraw = True
35.8811 	DATA 	Keypress: 3
35.8924 	EXP 	rating_fixation: autoDraw = False
35.8924 	EXP 	fixation: autoDraw = True
36.8873 	EXP 	New trial (rep=5, index=0): None
36.8880 	EXP 	Created movie = MovieStim3(__class__=<class 'psychopy.visual.movie3.MovieStim3'>, anchor=('center', 'center'), autoLog=True, color=UNKNOWN, colorSpace=UNKNOWN, depth=-1.0, filename='videos\\caterpillar_13.mp4', flipHoriz=False, flipVert=False, fps=UNKNOWN, interpolate=True, loop=False, name='movie', noAudio=True, opacity=1, ori=method-wrapper(...), pos=array([0., 0.]), size=None, units='height', vframe_callback=UNKNOWN, volume=UNKNOWN, win=Window(...))
37.0719 	WARNING 	0.18383539997739717: Video catchup needed, advancing self._nextFrameT from 0.0 to 0.03336666666666667
37.0719 	WARNING 	0.18388430000049993: Video catchup needed, advancing self._nextFrameT from 0.03336666666666667 to 0.06673333333333334
37.0719 	WARNING 	0.18390679999720305: Video catchup needed, advancing self._nextFrameT from 0.06673333333333334 to 0.10010000000000001
37.0720 	WARNING 	0.18392599996877834: Video catchup needed, advancing self._nextFrameT from 0.10010000000000001 to 0.13346666666666668
37.0901 	EXP 	fixation: autoDraw = False
37.0901 	EXP 	fixation: autoDraw = False
37.0901 	EXP 	movie: autoLog = True
37.0901 	EXP 	movie: movie = 'videos\\caterpillar_13.mp4'
37.0901 	EXP 	movie: ori = 0.0
37.0901 	EXP 	movie: flipHoriz = True
37.0901 	EXP 	movie: autoDraw = True
38.3034 	DATA 	Keypress: escape
38.3732 	EXP 	video_presentation: status = STOPPED
38.3794 	EXP 	movie: autoDraw = False
38.3795 	EXP 	video_presentation: status = STOPPED
39.6225 	EXP 	window1: mouseVisible = True
