7.0084 	WARNING 	Requested an unavailable screen number - using first available.
7.0121 	WARNING 	User requested fullscreen with size [1536  864], but screen is actually [1920, 1080]. Using actual size
8.7354 	EXP 	Created window1 = Window(allowGUI=True, allowStencil=False, autoLog=True, backendConf=UNKNOWN, backgroundFit=<method-wrapper '__getattribute__' of attributeSetter object at 0x00000147A542BBE0>, backgroundImage=<method-wrapper '__getattribute__' of attributeSetter object at 0x00000147A542BB80>, bitsMode=UNKNOWN, blendMode='avg', bpc=(8, 8, 8), color=array([0, 0, 0]), colorSpace='rgb', depthBits=8, fullscr=<method-wrapper '__getattribute__' of attributeSetter object at 0x00000147A542B9A0>, gamma=None, gammaErrorPolicy='raise', lms=UNKNOWN, monitor=<psychopy.monitors.calibTools.Monitor object at 0x00000147A58068B0>, multiSample=False, name='window1', numSamples=2, pos=(0, 0), screen=1, size=array([1920, 1080]), stencilBits=0, stereo=False, title='PsychoPy', units='height', useFBO=True, useRetina=False, viewOri=0.0, viewPos=None, viewScale=None, waitBlanking=True, winType='pyglet')
8.7355 	EXP 	window1: mouseVisible = True
8.7355 	EXP 	window1: backgroundImage = ''
8.7356 	EXP 	window1: backgroundFit = 'none'
8.7380 	EXP 	window1: Attempting to measure frame rate of screen (1) ...
8.7380 	EXP 	window1: recordFrameIntervals = False
8.8106 	EXP 	window1: recordFrameIntervals = True
8.8878 	EXP 	Screen (1) actual frame rate measured at 143.72Hz
8.8879 	EXP 	window1: recordFrameIntervals = False
8.8882 	EXP 	window1: mouseVisible = False
11.1918 	EXP 	video_presentation: status = STARTED
11.2006 	EXP 	window1: mouseVisible = True
11.2576 	EXP 	Created text = TextStim(__class__=<class 'psychopy.visual.text.TextStim'>, alignHoriz=method-wrapper(...), alignText='center', alignVert=method-wrapper(...), anchorHoriz='center', anchorVert='center', antialias=True, autoDraw=False, autoLog=True, bold=False, color=array([-1., -1., -1.]), colorSpace='rgb', contrast=1.0, depth=-2.0, draggable=False, flipHoriz=True, flipVert=False, font='Open Sans', fontFiles=[], height=0.05, italic=False, languageStyle='LTR', name='text', opacity=1.0, ori=0.0, pos=array([0., 0.]), rgb=UNKNOWN, text='Waiting for scanner...', units='height', win=Window(...), wrapWidth=1)
11.2578 	EXP 	window1: mouseVisible = True
11.2618 	EXP 	Created dummy_fixation = TextStim(__class__=<class 'psychopy.visual.text.TextStim'>, alignHoriz=method-wrapper(...), alignText='center', alignVert=method-wrapper(...), anchorHoriz='center', anchorVert='center', antialias=True, autoDraw=False, autoLog=True, bold=False, color=array([-1., -1., -1.]), colorSpace='rgb', contrast=1.0, depth=0.0, draggable=False, flipHoriz=False, flipVert=False, font='Open Sans', fontFiles=[], height=0.05, italic=False, languageStyle='LTR', name='dummy_fixation', opacity=1.0, ori=0.0, pos=array([0., 0.]), rgb=UNKNOWN, text='+', units='height', win=Window(...), wrapWidth=1)
11.2620 	EXP 	window1: mouseVisible = True
11.2798 	EXP 	Created rating_fixation = TextStim(__class__=<class 'psychopy.visual.text.TextStim'>, alignHoriz=method-wrapper(...), alignText='center', alignVert=method-wrapper(...), anchorHoriz='center', anchorVert='center', antialias=True, autoDraw=False, autoLog=True, bold=False, color=array([-0.7333,  0.0902, -0.7333]), colorSpace='rgb', contrast=1.0, depth=0.0, draggable=False, flipHoriz=False, flipVert=False, font='Open Sans', fontFiles=[], height=0.1, italic=False, languageStyle='LTR', name='rating_fixation', opacity=1.0, ori=0.0, pos=array([0., 0.]), rgb=UNKNOWN, text='+', units='height', win=Window(...), wrapWidth=1)
11.2800 	EXP 	window1: mouseVisible = True
11.2835 	EXP 	Created fixation = TextStim(__class__=<class 'psychopy.visual.text.TextStim'>, alignHoriz=method-wrapper(...), alignText='center', alignVert=method-wrapper(...), anchorHoriz='center', anchorVert='center', antialias=True, autoDraw=False, autoLog=True, bold=False, color=array([-1., -1., -1.]), colorSpace='rgb', contrast=1.0, depth=0.0, draggable=False, flipHoriz=False, flipVert=False, font='Open Sans', fontFiles=[], height=0.1, italic=False, languageStyle='LTR', name='fixation', opacity=1.0, ori=0.0, pos=array([0., 0.]), rgb=UNKNOWN, text='+', units='height', win=Window(...), wrapWidth=1)
11.2836 	EXP 	window1: mouseVisible = True
11.2862 	EXP 	Created end_text = TextStim(__class__=<class 'psychopy.visual.text.TextStim'>, alignHoriz=method-wrapper(...), alignText='center', alignVert=method-wrapper(...), anchorHoriz='center', anchorVert='center', antialias=True, autoDraw=False, autoLog=True, bold=False, color=array([-1., -1., -1.]), colorSpace='rgb', contrast=1.0, depth=0.0, draggable=False, flipHoriz=True, flipVert=False, font='Open Sans', fontFiles=[], height=0.05, italic=False, languageStyle='LTR', name='end_text', opacity=1.0, ori=0.0, pos=array([0., 0.]), rgb=UNKNOWN, text='+', units='height', win=Window(...), wrapWidth=1)
0.0302 	EXP 	text: autoDraw = True
1.3990 	DATA 	Keypress: t
1.4026 	EXP 	text: autoDraw = False
1.4026 	EXP 	dummy_fixation: autoDraw = True
11.3982 	EXP 	Created sequence: sequential, trialTypes=1, nReps=150, seed=None
11.3990 	EXP 	New trial (rep=0, index=0): None
11.5818 	EXP 	Created movie = MovieStim3(__class__=<class 'psychopy.visual.movie3.MovieStim3'>, anchor=('center', 'center'), autoLog=True, color=UNKNOWN, colorSpace=UNKNOWN, depth=-1.0, filename='videos\\wasp_1.mp4', flipHoriz=False, flipVert=False, fps=UNKNOWN, interpolate=True, loop=False, name='movie', noAudio=True, opacity=1, ori=method-wrapper(...), pos=array([0., 0.]), size=None, units='height', vframe_callback=UNKNOWN, volume=UNKNOWN, win=Window(...))
11.8502 	WARNING 	0.26836480002384633: Video catchup needed, advancing self._nextFrameT from 0.0 to 0.03336666666666667
11.8502 	WARNING 	0.26841329998569563: Video catchup needed, advancing self._nextFrameT from 0.03336666666666667 to 0.06673333333333334
11.8502 	WARNING 	0.2684354999801144: Video catchup needed, advancing self._nextFrameT from 0.06673333333333334 to 0.10010000000000001
11.8502 	WARNING 	0.2684546000091359: Video catchup needed, advancing self._nextFrameT from 0.10010000000000001 to 0.13346666666666668
11.8503 	WARNING 	0.26847300003282726: Video catchup needed, advancing self._nextFrameT from 0.13346666666666668 to 0.16683333333333333
11.8503 	WARNING 	0.26848979998612776: Video catchup needed, advancing self._nextFrameT from 0.16683333333333333 to 0.2002
11.8503 	WARNING 	0.26851159997750074: Video catchup needed, advancing self._nextFrameT from 0.2002 to 0.23356666666666664
11.8874 	EXP 	dummy_fixation: autoDraw = False
11.8874 	EXP 	movie: autoLog = True
11.8874 	EXP 	movie: movie = 'videos\\wasp_1.mp4'
11.8874 	EXP 	movie: ori = 0.0
11.8874 	EXP 	movie: flipHoriz = True
11.8874 	EXP 	movie: autoDraw = True
14.4137 	EXP 	movie: autoDraw = False
14.4137 	EXP 	rating_fixation: autoDraw = True
21.4857 	DATA 	Keypress: 2
21.4919 	EXP 	rating_fixation: autoDraw = False
21.4919 	EXP 	fixation: autoDraw = True
22.4871 	EXP 	New trial (rep=1, index=0): None
22.4878 	EXP 	Created movie = MovieStim3(__class__=<class 'psychopy.visual.movie3.MovieStim3'>, anchor=('center', 'center'), autoLog=True, color=UNKNOWN, colorSpace=UNKNOWN, depth=-1.0, filename='videos\\beetle_10.mp4', flipHoriz=False, flipVert=False, fps=UNKNOWN, interpolate=True, loop=False, name='movie', noAudio=True, opacity=1, ori=method-wrapper(...), pos=array([0., 0.]), size=None, units='height', vframe_callback=UNKNOWN, volume=UNKNOWN, win=Window(...))
22.7274 	WARNING 	0.23956640000687912: Video catchup needed, advancing self._nextFrameT from 0.0 to 0.03336666666666667
22.7274 	WARNING 	0.23961639998015016: Video catchup needed, advancing self._nextFrameT from 0.03336666666666667 to 0.06673333333333334
22.7274 	WARNING 	0.2396384000312537: Video catchup needed, advancing self._nextFrameT from 0.06673333333333334 to 0.10010000000000001
22.7275 	WARNING 	0.2396569999982603: Video catchup needed, advancing self._nextFrameT from 0.10010000000000001 to 0.13346666666666668
22.7275 	WARNING 	0.23967440001433715: Video catchup needed, advancing self._nextFrameT from 0.13346666666666668 to 0.16683333333333333
22.7275 	WARNING 	0.2396922000334598: Video catchup needed, advancing self._nextFrameT from 0.16683333333333333 to 0.2002
22.7548 	EXP 	fixation: autoDraw = False
22.7548 	EXP 	fixation: autoDraw = False
22.7548 	EXP 	movie: autoLog = True
22.7548 	EXP 	movie: movie = 'videos\\beetle_10.mp4'
22.7548 	EXP 	movie: ori = 0.0
22.7548 	EXP 	movie: flipHoriz = True
22.7548 	EXP 	movie: autoDraw = True
23.1465 	DATA 	Keypress: escape
23.2155 	EXP 	video_presentation: status = STOPPED
23.2214 	EXP 	movie: autoDraw = False
23.2215 	EXP 	video_presentation: status = STOPPED
24.4429 	EXP 	window1: mouseVisible = True
