5.9600 	WARNING 	Requested an unavailable screen number - using first available.
5.9683 	WARNING 	User requested fullscreen with size [1536  864], but screen is actually [1920, 1080]. Using actual size
7.8546 	EXP 	Created window1 = Window(allowGUI=True, allowStencil=False, autoLog=True, backendConf=UNKNOWN, backgroundFit=<method-wrapper '__getattribute__' of attributeSetter object at 0x0000024F20C5DF70>, backgroundImage=<method-wrapper '__getattribute__' of attributeSetter object at 0x0000024F20C5DF10>, bitsMode=UNKNOWN, blendMode='avg', bpc=(8, 8, 8), color=array([0, 0, 0]), colorSpace='rgb', depthBits=8, fullscr=<method-wrapper '__getattribute__' of attributeSetter object at 0x0000024F20C5DD30>, gamma=None, gammaErrorPolicy='raise', lms=UNKNOWN, monitor=<psychopy.monitors.calibTools.Monitor object at 0x0000024F21041D60>, multiSample=False, name='window1', numSamples=2, pos=(0, 0), screen=1, size=array([1920, 1080]), stencilBits=0, stereo=False, title='PsychoPy', units='height', useFBO=True, useRetina=False, viewOri=0.0, viewPos=None, viewScale=None, waitBlanking=True, winType='pyglet')
7.8548 	EXP 	window1: mouseVisible = True
7.8548 	EXP 	window1: backgroundImage = ''
7.8548 	EXP 	window1: backgroundFit = 'none'
7.8567 	EXP 	window1: Attempting to measure frame rate of screen (1) ...
7.8567 	EXP 	window1: recordFrameIntervals = False
7.9235 	EXP 	window1: recordFrameIntervals = True
8.0002 	EXP 	Screen (1) actual frame rate measured at 143.91Hz
8.0002 	EXP 	window1: recordFrameIntervals = False
8.0005 	EXP 	window1: mouseVisible = False
9.8936 	EXP 	video_presentation: status = STARTED
9.8992 	EXP 	window1: mouseVisible = True
9.9911 	EXP 	Created text = TextStim(__class__=<class 'psychopy.visual.text.TextStim'>, alignHoriz=method-wrapper(...), alignText='center', alignVert=method-wrapper(...), anchorHoriz='center', anchorVert='center', antialias=True, autoDraw=False, autoLog=True, bold=False, color=array([-1., -1., -1.]), colorSpace='rgb', contrast=1.0, depth=-2.0, draggable=False, flipHoriz=True, flipVert=False, font='Open Sans', fontFiles=[], height=0.05, italic=False, languageStyle='LTR', name='text', opacity=1.0, ori=0.0, pos=array([0. , 0.2]), rgb=UNKNOWN, text=str(...), units='height', win=Window(...), wrapWidth=1)
9.9912 	EXP 	window1: mouseVisible = True
10.0696 	EXP 	Created instruction_image = ImageStim(__class__=<class 'psychopy.visual.image.ImageStim'>, anchor=('center', 'center'), autoLog=True, color=array([1., 1., 1.]), colorSpace='rgb', contrast=1.0, depth=-3.0, draggable=False, flipHoriz=False, flipVert=False, image='images/rating_instruction.png', interpolate=True, mask=None, maskParams=None, name='instruction_image', opacity=1.0, ori=0.0, pos=array([ 0. , -0.2]), size=array([0.75, 0.5 ]), texRes=128.0, units='height', win=Window(...))
10.0697 	EXP 	window1: mouseVisible = True
10.0721 	EXP 	Created dummy_fixation_cross = ShapeStim(__class__=<class 'psychopy.visual.shape.ShapeStim'>, anchor=('center', 'center'), autoDraw=False, autoLog=True, closeShape=True, color=method-wrapper(...), colorSpace='rgb', contrast=None, depth=0.0, draggable=False, fillColor=array([-1, -1, -1]), fillColorSpace='rgb', fillRGB=array([-1, -1, -1]), interpolate=True, lineColor=array([-1., -1., -1.]), lineColorSpace='rgb', lineRGB=array([-1, -1, -1]), lineWidth=1.0, name='dummy_fixation_cross', opacity=1.0, ori=0.0, pos=array([0., 0.]), size=array([0.05, 0.05]), units='height', vertices=ndarray(...), win=Window(...), windingRule=None)
10.0723 	EXP 	window1: mouseVisible = True
10.0740 	EXP 	Created rating_fixation_square = Rect(__class__=<class 'psychopy.visual.rect.Rect'>, anchor=('center', 'center'), autoDraw=False, autoLog=True, closeShape=True, color=method-wrapper(...), colorSpace='rgb', contrast=None, depth=-1.0, draggable=False, fillColor=array([-1, -1, -1]), fillColorSpace='rgb', fillRGB=array([-1, -1, -1]), interpolate=True, lineColor=array([-1., -1., -1.]), lineColorSpace='rgb', lineRGB=array([-1, -1, -1]), lineWidth=1.0, name='rating_fixation_square', opacity=1.0, ori=0.0, pos=array([0., 0.]), size=array([0.05, 0.05]), units='height', vertices=ndarray(...), win=Window(...))
10.0741 	EXP 	window1: mouseVisible = True
10.0759 	EXP 	Created washout_fixation_cross = ShapeStim(__class__=<class 'psychopy.visual.shape.ShapeStim'>, anchor=('center', 'center'), autoDraw=False, autoLog=True, closeShape=True, color=method-wrapper(...), colorSpace='rgb', contrast=None, depth=0.0, draggable=False, fillColor=array([-1, -1, -1]), fillColorSpace='rgb', fillRGB=array([-1, -1, -1]), interpolate=True, lineColor=array([-1., -1., -1.]), lineColorSpace='rgb', lineRGB=array([-1, -1, -1]), lineWidth=1.0, name='washout_fixation_cross', opacity=1.0, ori=0.0, pos=array([0., 0.]), size=array([0.05, 0.05]), units='height', vertices=ndarray(...), win=Window(...), windingRule=None)
10.0760 	EXP 	window1: mouseVisible = True
10.0838 	EXP 	Created end_text = TextStim(__class__=<class 'psychopy.visual.text.TextStim'>, alignHoriz=method-wrapper(...), alignText='center', alignVert=method-wrapper(...), anchorHoriz='center', anchorVert='center', antialias=True, autoDraw=False, autoLog=True, bold=False, color=array([-1., -1., -1.]), colorSpace='rgb', contrast=1.0, depth=0.0, draggable=False, flipHoriz=True, flipVert=False, font='Open Sans', fontFiles=[], height=0.1, italic=False, languageStyle='LTR', name='end_text', opacity=1.0, ori=0.0, pos=array([0., 0.]), rgb=UNKNOWN, text='Run complete.', units='height', win=Window(...), wrapWidth=1)
0.0189 	EXP 	text: autoDraw = True
0.0189 	EXP 	instruction_image: autoDraw = True
2.8414 	DATA 	Keypress: escape
2.9096 	EXP 	video_presentation: status = STOPPED
2.9159 	EXP 	text: autoDraw = False
2.9159 	EXP 	instruction_image: autoDraw = False
2.9160 	EXP 	video_presentation: status = STOPPED
3.1052 	EXP 	window1: mouseVisible = True
