5.9434 	WARNING 	Requested an unavailable screen number - using first available.
5.9553 	WARNING 	User requested fullscreen with size [1536  864], but screen is actually [1920, 1080]. Using actual size
6.4644 	EXP 	Created window1 = Window(allowGUI=True, allowStencil=False, autoLog=True, backendConf=UNKNOWN, backgroundFit=<method-wrapper '__getattribute__' of attributeSetter object at 0x00000204998F8C70>, backgroundImage=<method-wrapper '__getattribute__' of attributeSetter object at 0x00000204998F8C10>, bitsMode=UNKNOWN, blendMode='avg', bpc=(8, 8, 8), color=array([0, 0, 0]), colorSpace='rgb', depthBits=8, fullscr=<method-wrapper '__getattribute__' of attributeSetter object at 0x00000204998F8A60>, gamma=None, gammaErrorPolicy='raise', lms=UNKNOWN, monitor=<psychopy.monitors.calibTools.Monitor object at 0x0000020499CF2520>, multiSample=False, name='window1', numSamples=2, pos=(0, 0), screen=1, size=array([1920, 1080]), stencilBits=0, stereo=False, title='PsychoPy', units='height', useFBO=True, useRetina=False, viewOri=0.0, viewPos=None, viewScale=None, waitBlanking=True, winType='pyglet')
6.4645 	EXP 	window1: mouseVisible = True
6.4645 	EXP 	window1: backgroundImage = ''
6.4645 	EXP 	window1: backgroundFit = 'none'
6.4664 	EXP 	window1: Attempting to measure frame rate of screen (1) ...
6.4664 	EXP 	window1: recordFrameIntervals = False
6.5335 	EXP 	window1: recordFrameIntervals = True
6.6098 	EXP 	Screen (1) actual frame rate measured at 144.42Hz
6.6099 	EXP 	window1: recordFrameIntervals = False
6.6101 	EXP 	window1: mouseVisible = False
8.3960 	EXP 	video_presentation: status = STARTED
8.4012 	EXP 	window1: mouseVisible = True
8.4467 	EXP 	Created text = TextStim(__class__=<class 'psychopy.visual.text.TextStim'>, alignHoriz=method-wrapper(...), alignText='center', alignVert=method-wrapper(...), anchorHoriz='center', anchorVert='center', antialias=True, autoDraw=False, autoLog=True, bold=False, color=array([-1., -1., -1.]), colorSpace='rgb', contrast=1.0, depth=-2.0, draggable=False, flipHoriz=True, flipVert=False, font='Open Sans', fontFiles=[], height=0.05, italic=False, languageStyle='LTR', name='text', opacity=1.0, ori=0.0, pos=array([0., 0.]), rgb=UNKNOWN, text='Waiting for scanner...', units='height', win=Window(...), wrapWidth=1)
8.4469 	EXP 	window1: mouseVisible = True
8.4494 	EXP 	Created dummy_fixation_cross = ShapeStim(__class__=<class 'psychopy.visual.shape.ShapeStim'>, anchor=('center', 'center'), autoDraw=False, autoLog=True, closeShape=True, color=method-wrapper(...), colorSpace='rgb', contrast=None, depth=0.0, draggable=False, fillColor=array([-1, -1, -1]), fillColorSpace='rgb', fillRGB=array([-1, -1, -1]), interpolate=True, lineColor=array([-1., -1., -1.]), lineColorSpace='rgb', lineRGB=array([-1, -1, -1]), lineWidth=1.0, name='dummy_fixation_cross', opacity=1.0, ori=0.0, pos=array([0., 0.]), size=array([0.05, 0.05]), units='height', vertices=ndarray(...), win=Window(...), windingRule=None)
8.4496 	EXP 	window1: mouseVisible = True
8.4514 	EXP 	Created rating_fixation_square = Rect(__class__=<class 'psychopy.visual.rect.Rect'>, anchor=('center', 'center'), autoDraw=False, autoLog=True, closeShape=True, color=method-wrapper(...), colorSpace='rgb', contrast=None, depth=-1.0, draggable=False, fillColor=array([-1, -1, -1]), fillColorSpace='rgb', fillRGB=array([-1, -1, -1]), interpolate=True, lineColor=array([-1., -1., -1.]), lineColorSpace='rgb', lineRGB=array([-1, -1, -1]), lineWidth=1.0, name='rating_fixation_square', opacity=1.0, ori=0.0, pos=array([0., 0.]), size=array([0.05, 0.05]), units='height', vertices=ndarray(...), win=Window(...))
8.4515 	EXP 	window1: mouseVisible = True
8.4536 	EXP 	Created washout_fixation_cross = ShapeStim(__class__=<class 'psychopy.visual.shape.ShapeStim'>, anchor=('center', 'center'), autoDraw=False, autoLog=True, closeShape=True, color=method-wrapper(...), colorSpace='rgb', contrast=None, depth=0.0, draggable=False, fillColor=array([-1, -1, -1]), fillColorSpace='rgb', fillRGB=array([-1, -1, -1]), interpolate=True, lineColor=array([-1., -1., -1.]), lineColorSpace='rgb', lineRGB=array([-1, -1, -1]), lineWidth=1.0, name='washout_fixation_cross', opacity=1.0, ori=0.0, pos=array([0., 0.]), size=array([0.05, 0.05]), units='height', vertices=ndarray(...), win=Window(...), windingRule=None)
8.4537 	EXP 	window1: mouseVisible = True
8.4708 	EXP 	Created end_text = TextStim(__class__=<class 'psychopy.visual.text.TextStim'>, alignHoriz=method-wrapper(...), alignText='center', alignVert=method-wrapper(...), anchorHoriz='center', anchorVert='center', antialias=True, autoDraw=False, autoLog=True, bold=False, color=array([-1., -1., -1.]), colorSpace='rgb', contrast=1.0, depth=0.0, draggable=False, flipHoriz=True, flipVert=False, font='Open Sans', fontFiles=[], height=0.1, italic=False, languageStyle='LTR', name='end_text', opacity=1.0, ori=0.0, pos=array([0., 0.]), rgb=UNKNOWN, text='Run complete.', units='height', win=Window(...), wrapWidth=1)
0.0299 	EXP 	text: autoDraw = True
0.3433 	DATA 	Keypress: 5
0.3471 	EXP 	text: autoDraw = False
0.3471 	EXP 	dummy_fixation_cross: autoDraw = True
10.3423 	EXP 	Created sequence: sequential, trialTypes=1, nReps=150, seed=None
10.3433 	EXP 	New trial (rep=0, index=0): None
10.4748 	EXP 	Created movie = MovieStim3(__class__=<class 'psychopy.visual.movie3.MovieStim3'>, anchor=('center', 'center'), autoLog=True, color=UNKNOWN, colorSpace=UNKNOWN, depth=-1.0, filename='videos\\bird_8.mp4', flipHoriz=False, flipVert=False, fps=UNKNOWN, interpolate=True, loop=False, name='movie', noAudio=True, opacity=1, ori=method-wrapper(...), pos=array([0., 0.]), size=None, units='height', vframe_callback=UNKNOWN, volume=UNKNOWN, win=Window(...))
10.6365 	WARNING 	0.1617128000361845: Video catchup needed, advancing self._nextFrameT from 0.0 to 0.041666666666666664
10.6366 	WARNING 	0.16176719998475164: Video catchup needed, advancing self._nextFrameT from 0.041666666666666664 to 0.08333333333333333
10.6455 	EXP 	dummy_fixation_cross: autoDraw = False
10.6455 	EXP 	movie: autoLog = True
10.6455 	EXP 	movie: movie = 'videos\\bird_8.mp4'
10.6455 	EXP 	movie: ori = 0.0
10.6455 	EXP 	movie: flipHoriz = True
10.6455 	EXP 	movie: autoDraw = True
13.3521 	EXP 	movie: autoDraw = False
13.3521 	EXP 	rating_fixation_square: autoDraw = True
14.6180 	DATA 	Keypress: 1
14.6302 	EXP 	rating_fixation_square: autoDraw = False
14.6302 	EXP 	washout_fixation_cross: autoDraw = True
15.6241 	EXP 	New trial (rep=1, index=0): None
15.6246 	EXP 	Created movie = MovieStim3(__class__=<class 'psychopy.visual.movie3.MovieStim3'>, anchor=('center', 'center'), autoLog=True, color=UNKNOWN, colorSpace=UNKNOWN, depth=-1.0, filename='videos\\cat_19.mp4', flipHoriz=False, flipVert=False, fps=UNKNOWN, interpolate=True, loop=False, name='movie', noAudio=True, opacity=1, ori=method-wrapper(...), pos=array([0., 0.]), size=None, units='height', vframe_callback=UNKNOWN, volume=UNKNOWN, win=Window(...))
15.7924 	WARNING 	0.16769289993681014: Video catchup needed, advancing self._nextFrameT from 0.0 to 0.041666666666666664
15.7924 	WARNING 	0.16775979998055845: Video catchup needed, advancing self._nextFrameT from 0.041666666666666664 to 0.08333333333333333
15.7924 	WARNING 	0.16777770000044256: Video catchup needed, advancing self._nextFrameT from 0.08333333333333333 to 0.125
15.8062 	EXP 	washout_fixation_cross: autoDraw = False
15.8062 	EXP 	washout_fixation_cross: autoDraw = False
15.8062 	EXP 	movie: autoLog = True
15.8062 	EXP 	movie: movie = 'videos\\cat_19.mp4'
15.8062 	EXP 	movie: ori = 0.0
15.8062 	EXP 	movie: flipHoriz = True
15.8062 	EXP 	movie: autoDraw = True
18.6368 	EXP 	movie: autoDraw = False
18.6368 	EXP 	rating_fixation_square: autoDraw = True
19.2068 	DATA 	Keypress: 2
19.2134 	EXP 	rating_fixation_square: autoDraw = False
19.2134 	EXP 	washout_fixation_cross: autoDraw = True
20.2078 	EXP 	New trial (rep=2, index=0): None
20.2084 	EXP 	Created movie = MovieStim3(__class__=<class 'psychopy.visual.movie3.MovieStim3'>, anchor=('center', 'center'), autoLog=True, color=UNKNOWN, colorSpace=UNKNOWN, depth=-1.0, filename='videos\\rabbit_19.mp4', flipHoriz=False, flipVert=False, fps=UNKNOWN, interpolate=True, loop=False, name='movie', noAudio=True, opacity=1, ori=method-wrapper(...), pos=array([0., 0.]), size=None, units='height', vframe_callback=UNKNOWN, volume=UNKNOWN, win=Window(...))
20.3824 	WARNING 	0.1740362000418827: Video catchup needed, advancing self._nextFrameT from 0.0 to 0.03336666666666667
20.3825 	WARNING 	0.17408150003757328: Video catchup needed, advancing self._nextFrameT from 0.03336666666666667 to 0.06673333333333334
20.3825 	WARNING 	0.17409770004451275: Video catchup needed, advancing self._nextFrameT from 0.06673333333333334 to 0.10010000000000001
20.3825 	WARNING 	0.1741110000293702: Video catchup needed, advancing self._nextFrameT from 0.10010000000000001 to 0.13346666666666668
20.4001 	EXP 	washout_fixation_cross: autoDraw = False
20.4001 	EXP 	washout_fixation_cross: autoDraw = False
20.4001 	EXP 	movie: autoLog = True
20.4001 	EXP 	movie: movie = 'videos\\rabbit_19.mp4'
20.4001 	EXP 	movie: ori = 0.0
20.4001 	EXP 	movie: flipHoriz = True
20.4001 	EXP 	movie: autoDraw = True
23.2109 	EXP 	Set movie finished
23.2219 	EXP 	movie: autoDraw = False
23.2219 	EXP 	rating_fixation_square: autoDraw = True
23.7986 	DATA 	Keypress: 4
23.8052 	EXP 	rating_fixation_square: autoDraw = False
23.8052 	EXP 	washout_fixation_cross: autoDraw = True
24.3763 	DATA 	Keypress: escape
24.4654 	EXP 	video_presentation: status = STOPPED
24.4721 	EXP 	washout_fixation_cross: autoDraw = False
24.4722 	EXP 	video_presentation: status = STOPPED
24.5485 	EXP 	window1: mouseVisible = True
