8.4960 	WARNING 	Requested an unavailable screen number - using first available.
8.5084 	WARNING 	User requested fullscreen with size [1536  864], but screen is actually [1920, 1080]. Using actual size
10.1854 	EXP 	Created window1 = Window(allowGUI=True, allowStencil=False, autoLog=True, backendConf=UNKNOWN, backgroundFit=<method-wrapper '__getattribute__' of attributeSetter object at 0x000001DC316A41F0>, backgroundImage=<method-wrapper '__getattribute__' of attributeSetter object at 0x000001DC316A4190>, bitsMode=UNKNOWN, blendMode='avg', bpc=(8, 8, 8), color=array([0, 0, 0]), colorSpace='rgb', depthBits=8, fullscr=<method-wrapper '__getattribute__' of attributeSetter object at 0x000001DC31691400>, gamma=None, gammaErrorPolicy='raise', lms=UNKNOWN, monitor=<psychopy.monitors.calibTools.Monitor object at 0x000001DC31A88040>, multiSample=False, name='window1', numSamples=2, pos=(0, 0), screen=1, size=array([1920, 1080]), stencilBits=0, stereo=False, title='PsychoPy', units='height', useFBO=True, useRetina=False, viewOri=0.0, viewPos=None, viewScale=None, waitBlanking=True, winType='pyglet')
10.1856 	EXP 	window1: mouseVisible = True
10.1856 	EXP 	window1: backgroundImage = ''
10.1856 	EXP 	window1: backgroundFit = 'none'
10.1887 	EXP 	window1: Attempting to measure frame rate of screen (1) ...
10.1887 	EXP 	window1: recordFrameIntervals = False
10.2609 	EXP 	window1: recordFrameIntervals = True
10.3378 	EXP 	Screen (1) actual frame rate measured at 143.99Hz
10.3379 	EXP 	window1: recordFrameIntervals = False
10.3381 	EXP 	window1: mouseVisible = False
13.1562 	EXP 	video_presentation: status = STARTED
13.1640 	EXP 	window1: mouseVisible = True
13.2472 	EXP 	Created text = TextStim(__class__=<class 'psychopy.visual.text.TextStim'>, alignHoriz=method-wrapper(...), alignText='center', alignVert=method-wrapper(...), anchorHoriz='center', anchorVert='center', antialias=True, autoDraw=False, autoLog=True, bold=False, color=array([-1., -1., -1.]), colorSpace='rgb', contrast=1.0, depth=-2.0, draggable=False, flipHoriz=True, flipVert=False, font='Open Sans', fontFiles=[], height=0.05, italic=False, languageStyle='LTR', name='text', opacity=1.0, ori=0.0, pos=array([0., 0.]), rgb=UNKNOWN, text='Waiting for scanner...', units='height', win=Window(...), wrapWidth=1)
13.2474 	EXP 	window1: mouseVisible = True
13.2543 	EXP 	Created dummy_fixation = TextStim(__class__=<class 'psychopy.visual.text.TextStim'>, alignHoriz=method-wrapper(...), alignText='center', alignVert=method-wrapper(...), anchorHoriz='center', anchorVert='center', antialias=True, autoDraw=False, autoLog=True, bold=False, color=array([-1., -1., -1.]), colorSpace='rgb', contrast=1.0, depth=0.0, draggable=False, flipHoriz=False, flipVert=False, font='Open Sans', fontFiles=[], height=0.1, italic=False, languageStyle='LTR', name='dummy_fixation', opacity=1.0, ori=0.0, pos=array([0., 0.]), rgb=UNKNOWN, text='+', units='height', win=Window(...), wrapWidth=1)
13.2545 	EXP 	window1: mouseVisible = True
13.2565 	EXP 	Created rating_fixation = TextStim(__class__=<class 'psychopy.visual.text.TextStim'>, alignHoriz=method-wrapper(...), alignText='center', alignVert=method-wrapper(...), anchorHoriz='center', anchorVert='center', antialias=True, autoDraw=False, autoLog=True, bold=False, color=array([ 0.8353, -0.7412, -1.    ]), colorSpace='rgb', contrast=1.0, depth=0.0, draggable=False, flipHoriz=False, flipVert=False, font='Open Sans', fontFiles=[], height=0.1, italic=False, languageStyle='LTR', name='rating_fixation', opacity=1.0, ori=0.0, pos=array([0., 0.]), rgb=UNKNOWN, text='+', units='height', win=Window(...), wrapWidth=1)
13.2566 	EXP 	window1: mouseVisible = True
13.2595 	EXP 	Created fixation = TextStim(__class__=<class 'psychopy.visual.text.TextStim'>, alignHoriz=method-wrapper(...), alignText='center', alignVert=method-wrapper(...), anchorHoriz='center', anchorVert='center', antialias=True, autoDraw=False, autoLog=True, bold=False, color=array([-1., -1., -1.]), colorSpace='rgb', contrast=1.0, depth=0.0, draggable=False, flipHoriz=False, flipVert=False, font='Open Sans', fontFiles=[], height=0.1, italic=False, languageStyle='LTR', name='fixation', opacity=1.0, ori=0.0, pos=array([0., 0.]), rgb=UNKNOWN, text='+', units='height', win=Window(...), wrapWidth=1)
13.2596 	EXP 	window1: mouseVisible = True
13.2629 	EXP 	Created end_text = TextStim(__class__=<class 'psychopy.visual.text.TextStim'>, alignHoriz=method-wrapper(...), alignText='center', alignVert=method-wrapper(...), anchorHoriz='center', anchorVert='center', antialias=True, autoDraw=False, autoLog=True, bold=False, color=array([-1., -1., -1.]), colorSpace='rgb', contrast=1.0, depth=0.0, draggable=False, flipHoriz=True, flipVert=False, font='Open Sans', fontFiles=[], height=0.05, italic=False, languageStyle='LTR', name='end_text', opacity=1.0, ori=0.0, pos=array([0., 0.]), rgb=UNKNOWN, text='+', units='height', win=Window(...), wrapWidth=1)
0.0128 	EXP 	text: autoDraw = True
1.1456 	DATA 	Keypress: t
1.1497 	EXP 	text: autoDraw = False
1.1497 	EXP 	dummy_fixation: autoDraw = True
11.1450 	EXP 	Created sequence: sequential, trialTypes=1, nReps=150, seed=None
11.1459 	EXP 	New trial (rep=0, index=0): None
11.3273 	EXP 	Created movie = MovieStim3(__class__=<class 'psychopy.visual.movie3.MovieStim3'>, anchor=('center', 'center'), autoLog=True, color=UNKNOWN, colorSpace=UNKNOWN, depth=-1.0, filename='videos\\cat_17.mp4', flipHoriz=False, flipVert=False, fps=UNKNOWN, interpolate=True, loop=False, name='movie', noAudio=True, opacity=1, ori=method-wrapper(...), pos=array([0., 0.]), size=None, units='height', vframe_callback=UNKNOWN, volume=UNKNOWN, win=Window(...))
11.5601 	WARNING 	0.2327489000163041: Video catchup needed, advancing self._nextFrameT from 0.0 to 0.04
11.5601 	WARNING 	0.2328103000181727: Video catchup needed, advancing self._nextFrameT from 0.04 to 0.08
11.5601 	WARNING 	0.2328317000064999: Video catchup needed, advancing self._nextFrameT from 0.08 to 0.12
11.5601 	WARNING 	0.2328492000233382: Video catchup needed, advancing self._nextFrameT from 0.12 to 0.16
11.5746 	WARNING 	0.24727809999603778: Video catchup needed, advancing self._nextFrameT from 0.16 to 0.2
11.5813 	EXP 	dummy_fixation: autoDraw = False
11.5813 	EXP 	movie: autoLog = True
11.5813 	EXP 	movie: movie = 'videos\\cat_17.mp4'
11.5813 	EXP 	movie: ori = 0.0
11.5813 	EXP 	movie: flipHoriz = True
11.5813 	EXP 	movie: autoDraw = True
14.1578 	EXP 	movie: autoDraw = False
14.1578 	EXP 	rating_fixation: autoDraw = True
15.5543 	DATA 	Keypress: 4
15.5608 	EXP 	rating_fixation: autoDraw = False
15.5608 	EXP 	fixation: autoDraw = True
16.5556 	EXP 	New trial (rep=1, index=0): None
16.5563 	EXP 	Created movie = MovieStim3(__class__=<class 'psychopy.visual.movie3.MovieStim3'>, anchor=('center', 'center'), autoLog=True, color=UNKNOWN, colorSpace=UNKNOWN, depth=-1.0, filename='videos\\fish_2.mp4', flipHoriz=False, flipVert=False, fps=UNKNOWN, interpolate=True, loop=False, name='movie', noAudio=True, opacity=1, ori=method-wrapper(...), pos=array([0., 0.]), size=None, units='height', vframe_callback=UNKNOWN, volume=UNKNOWN, win=Window(...))
16.8410 	WARNING 	0.28465539996977895: Video catchup needed, advancing self._nextFrameT from 0.0 to 0.04170833333333333
16.8410 	WARNING 	0.2847046999959275: Video catchup needed, advancing self._nextFrameT from 0.04170833333333333 to 0.08341666666666667
16.8410 	WARNING 	0.2847266999888234: Video catchup needed, advancing self._nextFrameT from 0.08341666666666667 to 0.125125
16.8410 	WARNING 	0.2847448000102304: Video catchup needed, advancing self._nextFrameT from 0.125125 to 0.16683333333333333
16.8411 	WARNING 	0.28476209996733814: Video catchup needed, advancing self._nextFrameT from 0.16683333333333333 to 0.20854166666666668
16.8622 	WARNING 	0.30591230001300573: Video catchup needed, advancing self._nextFrameT from 0.20854166666666668 to 0.25025000000000003
16.8689 	EXP 	fixation: autoDraw = False
16.8689 	EXP 	fixation: autoDraw = False
16.8689 	EXP 	movie: autoLog = True
16.8689 	EXP 	movie: movie = 'videos\\fish_2.mp4'
16.8689 	EXP 	movie: ori = 0.0
16.8689 	EXP 	movie: flipHoriz = True
16.8689 	EXP 	movie: autoDraw = True
17.9457 	DATA 	Keypress: escape
18.0613 	EXP 	video_presentation: status = STOPPED
18.0673 	EXP 	movie: autoDraw = False
18.0674 	EXP 	video_presentation: status = STOPPED
19.2694 	EXP 	window1: mouseVisible = True
