7.6588 	WARNING 	Requested an unavailable screen number - using first available.
7.6720 	WARNING 	User requested fullscreen with size [1536  864], but screen is actually [1920, 1080]. Using actual size
9.4204 	EXP 	Created window1 = Window(allowGUI=True, allowStencil=False, autoLog=True, backendConf=UNKNOWN, backgroundFit=<method-wrapper '__getattribute__' of attributeSetter object at 0x0000020263954190>, backgroundImage=<method-wrapper '__getattribute__' of attributeSetter object at 0x0000020263954130>, bitsMode=UNKNOWN, blendMode='avg', bpc=(8, 8, 8), color=array([0, 0, 0]), colorSpace='rgb', depthBits=8, fullscr=<method-wrapper '__getattribute__' of attributeSetter object at 0x0000020263941FD0>, gamma=None, gammaErrorPolicy='raise', lms=UNKNOWN, monitor=<psychopy.monitors.calibTools.Monitor object at 0x0000020263D06FA0>, multiSample=False, name='window1', numSamples=2, pos=(0, 0), screen=1, size=array([1920, 1080]), stencilBits=0, stereo=False, title='PsychoPy', units='height', useFBO=True, useRetina=False, viewOri=0.0, viewPos=None, viewScale=None, waitBlanking=True, winType='pyglet')
9.4206 	EXP 	window1: mouseVisible = True
9.4206 	EXP 	window1: backgroundImage = ''
9.4206 	EXP 	window1: backgroundFit = 'none'
9.4230 	EXP 	window1: Attempting to measure frame rate of screen (1) ...
9.4230 	EXP 	window1: recordFrameIntervals = False
9.4961 	EXP 	window1: recordFrameIntervals = True
9.5728 	EXP 	Screen (1) actual frame rate measured at 143.83Hz
9.5728 	EXP 	window1: recordFrameIntervals = False
9.5730 	EXP 	window1: mouseVisible = False
12.1932 	EXP 	video_presentation: status = STARTED
12.2026 	EXP 	window1: mouseVisible = True
12.2759 	EXP 	Created text = TextStim(__class__=<class 'psychopy.visual.text.TextStim'>, alignHoriz=method-wrapper(...), alignText='center', alignVert=method-wrapper(...), anchorHoriz='center', anchorVert='center', antialias=True, autoDraw=False, autoLog=True, bold=False, color=array([-1., -1., -1.]), colorSpace='rgb', contrast=1.0, depth=-2.0, draggable=False, flipHoriz=True, flipVert=False, font='Open Sans', fontFiles=[], height=0.05, italic=False, languageStyle='LTR', name='text', opacity=1.0, ori=0.0, pos=array([0., 0.]), rgb=UNKNOWN, text='Waiting for scanner...', units='height', win=Window(...), wrapWidth=1)
12.2761 	EXP 	window1: mouseVisible = True
12.2800 	EXP 	Created dummy_fixation = TextStim(__class__=<class 'psychopy.visual.text.TextStim'>, alignHoriz=method-wrapper(...), alignText='center', alignVert=method-wrapper(...), anchorHoriz='center', anchorVert='center', antialias=True, autoDraw=False, autoLog=True, bold=False, color=array([-1., -1., -1.]), colorSpace='rgb', contrast=1.0, depth=0.0, draggable=False, flipHoriz=False, flipVert=False, font='Open Sans', fontFiles=[], height=0.05, italic=False, languageStyle='LTR', name='dummy_fixation', opacity=1.0, ori=0.0, pos=array([0., 0.]), rgb=UNKNOWN, text='+', units='height', win=Window(...), wrapWidth=1)
12.2801 	EXP 	window1: mouseVisible = True
12.2827 	EXP 	Created rating_fixation = TextStim(__class__=<class 'psychopy.visual.text.TextStim'>, alignHoriz=method-wrapper(...), alignText='center', alignVert=method-wrapper(...), anchorHoriz='center', anchorVert='center', antialias=True, autoDraw=False, autoLog=True, bold=False, color=array([ 1., -1., -1.]), colorSpace='rgb', contrast=1.0, depth=-1.0, draggable=False, flipHoriz=False, flipVert=False, font='Open Sans', fontFiles=[], height=0.05, italic=False, languageStyle='LTR', name='rating_fixation', opacity=1.0, ori=0.0, pos=array([0., 0.]), rgb=UNKNOWN, text='+', units='height', win=Window(...), wrapWidth=1)
12.2828 	EXP 	window1: mouseVisible = True
12.2855 	EXP 	Created fixation = TextStim(__class__=<class 'psychopy.visual.text.TextStim'>, alignHoriz=method-wrapper(...), alignText='center', alignVert=method-wrapper(...), anchorHoriz='center', anchorVert='center', antialias=True, autoDraw=False, autoLog=True, bold=False, color=array([-1., -1., -1.]), colorSpace='rgb', contrast=1.0, depth=0.0, draggable=False, flipHoriz=False, flipVert=False, font='Open Sans', fontFiles=[], height=0.05, italic=False, languageStyle='LTR', name='fixation', opacity=1.0, ori=0.0, pos=array([0., 0.]), rgb=UNKNOWN, text='+', units='height', win=Window(...), wrapWidth=1)
12.2856 	EXP 	window1: mouseVisible = True
12.2885 	EXP 	Created end_text = TextStim(__class__=<class 'psychopy.visual.text.TextStim'>, alignHoriz=method-wrapper(...), alignText='center', alignVert=method-wrapper(...), anchorHoriz='center', anchorVert='center', antialias=True, autoDraw=False, autoLog=True, bold=False, color=array([-1., -1., -1.]), colorSpace='rgb', contrast=1.0, depth=0.0, draggable=False, flipHoriz=True, flipVert=False, font='Open Sans', fontFiles=[], height=0.05, italic=False, languageStyle='LTR', name='end_text', opacity=1.0, ori=0.0, pos=array([0., 0.]), rgb=UNKNOWN, text='+', units='height', win=Window(...), wrapWidth=1)
0.0371 	EXP 	text: autoDraw = True
1.0313 	DATA 	Keypress: t
1.0417 	EXP 	text: autoDraw = False
1.0417 	EXP 	dummy_fixation: autoDraw = True
11.0366 	EXP 	Created sequence: sequential, trialTypes=1, nReps=150, seed=None
11.0374 	EXP 	New trial (rep=0, index=0): None
11.2308 	EXP 	Created movie = MovieStim3(__class__=<class 'psychopy.visual.movie3.MovieStim3'>, anchor=('center', 'center'), autoLog=True, color=UNKNOWN, colorSpace=UNKNOWN, depth=-1.0, filename='videos\\caterpillar_7.mp4', flipHoriz=False, flipVert=False, fps=UNKNOWN, interpolate=True, loop=False, name='movie', noAudio=True, opacity=1, ori=method-wrapper(...), pos=array([0., 0.]), size=None, units='height', vframe_callback=UNKNOWN, volume=UNKNOWN, win=Window(...))
11.4947 	WARNING 	0.26385580003261566: Video catchup needed, advancing self._nextFrameT from 0.0 to 0.03336666666666667
11.4948 	WARNING 	0.2639229000196792: Video catchup needed, advancing self._nextFrameT from 0.03336666666666667 to 0.06673333333333334
11.4948 	WARNING 	0.2639587000012398: Video catchup needed, advancing self._nextFrameT from 0.06673333333333334 to 0.10010000000000001
11.4949 	WARNING 	0.2639917000196874: Video catchup needed, advancing self._nextFrameT from 0.10010000000000001 to 0.13346666666666668
11.4949 	WARNING 	0.26402390003204346: Video catchup needed, advancing self._nextFrameT from 0.13346666666666668 to 0.16683333333333333
11.4949 	WARNING 	0.26405460003297776: Video catchup needed, advancing self._nextFrameT from 0.16683333333333333 to 0.2002
11.5147 	WARNING 	0.28380830003879964: Video catchup needed, advancing self._nextFrameT from 0.2002 to 0.23356666666666664
11.5260 	EXP 	dummy_fixation: autoDraw = False
11.5260 	EXP 	movie: autoLog = True
11.5260 	EXP 	movie: movie = 'videos\\caterpillar_7.mp4'
11.5260 	EXP 	movie: ori = 0.0
11.5260 	EXP 	movie: flipHoriz = True
11.5260 	EXP 	movie: autoDraw = True
15.2160 	EXP 	window1: mouseVisible = True
