6.1941 	WARNING 	Requested an unavailable screen number - using first available.
6.2025 	WARNING 	User requested fullscreen with size [1536  864], but screen is actually [1920, 1080]. Using actual size
6.7340 	EXP 	Created window1 = Window(allowGUI=True, allowStencil=False, autoLog=True, backendConf=UNKNOWN, backgroundFit=<method-wrapper '__getattribute__' of attributeSetter object at 0x0000021460AF1C10>, backgroundImage=<method-wrapper '__getattribute__' of attributeSetter object at 0x0000021460AF1BB0>, bitsMode=UNKNOWN, blendMode='avg', bpc=(8, 8, 8), color=array([0, 0, 0]), colorSpace='rgb', depthBits=8, fullscr=<method-wrapper '__getattribute__' of attributeSetter object at 0x0000021460AF19D0>, gamma=None, gammaErrorPolicy='raise', lms=UNKNOWN, monitor=<psychopy.monitors.calibTools.Monitor object at 0x0000021460EC1A00>, multiSample=False, name='window1', numSamples=2, pos=(0, 0), screen=1, size=array([1920, 1080]), stencilBits=0, stereo=False, title='PsychoPy', units='height', useFBO=True, useRetina=False, viewOri=0.0, viewPos=None, viewScale=None, waitBlanking=True, winType='pyglet')
6.7341 	EXP 	window1: mouseVisible = True
6.7341 	EXP 	window1: backgroundImage = ''
6.7341 	EXP 	window1: backgroundFit = 'none'
6.7358 	EXP 	window1: Attempting to measure frame rate of screen (1) ...
6.7358 	EXP 	window1: recordFrameIntervals = False
6.8029 	EXP 	window1: recordFrameIntervals = True
6.8796 	EXP 	Screen (1) actual frame rate measured at 143.87Hz
6.8796 	EXP 	window1: recordFrameIntervals = False
6.8798 	EXP 	window1: mouseVisible = False
8.7756 	EXP 	video_presentation: status = STARTED
8.7822 	EXP 	window1: mouseVisible = True
8.8308 	EXP 	Created text = TextStim(__class__=<class 'psychopy.visual.text.TextStim'>, alignHoriz=method-wrapper(...), alignText='center', alignVert=method-wrapper(...), anchorHoriz='center', anchorVert='center', antialias=True, autoDraw=False, autoLog=True, bold=False, color=array([-1., -1., -1.]), colorSpace='rgb', contrast=1.0, depth=-2.0, draggable=False, flipHoriz=True, flipVert=False, font='Open Sans', fontFiles=[], height=0.05, italic=False, languageStyle='LTR', name='text', opacity=1.0, ori=0.0, pos=array([0., 0.]), rgb=UNKNOWN, text='Waiting for scanner...', units='height', win=Window(...), wrapWidth=1)
8.8309 	EXP 	window1: mouseVisible = True
8.8327 	EXP 	Created dummy_fixation_cross = ShapeStim(__class__=<class 'psychopy.visual.shape.ShapeStim'>, anchor=('center', 'center'), autoDraw=False, autoLog=True, closeShape=True, color=method-wrapper(...), colorSpace='rgb', contrast=None, depth=0.0, draggable=False, fillColor=array([-1, -1, -1]), fillColorSpace='rgb', fillRGB=array([-1, -1, -1]), interpolate=True, lineColor=array([-1., -1., -1.]), lineColorSpace='rgb', lineRGB=array([-1, -1, -1]), lineWidth=1.0, name='dummy_fixation_cross', opacity=1.0, ori=0.0, pos=array([0., 0.]), size=array([0.05, 0.05]), units='height', vertices=ndarray(...), win=Window(...), windingRule=None)
8.8329 	EXP 	window1: mouseVisible = True
8.8342 	EXP 	Created rating_fixation_square = Rect(__class__=<class 'psychopy.visual.rect.Rect'>, anchor=('center', 'center'), autoDraw=False, autoLog=True, closeShape=True, color=method-wrapper(...), colorSpace='rgb', contrast=None, depth=-1.0, draggable=False, fillColor=array([-1, -1, -1]), fillColorSpace='rgb', fillRGB=array([-1, -1, -1]), interpolate=True, lineColor=array([-1., -1., -1.]), lineColorSpace='rgb', lineRGB=array([-1, -1, -1]), lineWidth=1.0, name='rating_fixation_square', opacity=1.0, ori=0.0, pos=array([0., 0.]), size=array([0.05, 0.05]), units='height', vertices=ndarray(...), win=Window(...))
8.8343 	EXP 	window1: mouseVisible = True
8.8360 	EXP 	Created washout_fixation_cross = ShapeStim(__class__=<class 'psychopy.visual.shape.ShapeStim'>, anchor=('center', 'center'), autoDraw=False, autoLog=True, closeShape=True, color=method-wrapper(...), colorSpace='rgb', contrast=None, depth=0.0, draggable=False, fillColor=array([-1, -1, -1]), fillColorSpace='rgb', fillRGB=array([-1, -1, -1]), interpolate=True, lineColor=array([-1., -1., -1.]), lineColorSpace='rgb', lineRGB=array([-1, -1, -1]), lineWidth=1.0, name='washout_fixation_cross', opacity=1.0, ori=0.0, pos=array([0., 0.]), size=array([0.05, 0.05]), units='height', vertices=ndarray(...), win=Window(...), windingRule=None)
8.8361 	EXP 	window1: mouseVisible = True
8.8471 	EXP 	Created end_text = TextStim(__class__=<class 'psychopy.visual.text.TextStim'>, alignHoriz=method-wrapper(...), alignText='center', alignVert=method-wrapper(...), anchorHoriz='center', anchorVert='center', antialias=True, autoDraw=False, autoLog=True, bold=False, color=array([-1., -1., -1.]), colorSpace='rgb', contrast=1.0, depth=0.0, draggable=False, flipHoriz=True, flipVert=False, font='Open Sans', fontFiles=[], height=0.1, italic=False, languageStyle='LTR', name='end_text', opacity=1.0, ori=0.0, pos=array([0., 0.]), rgb=UNKNOWN, text='Run complete.', units='height', win=Window(...), wrapWidth=1)
0.0304 	EXP 	text: autoDraw = True
1.8365 	DATA 	Keypress: 5
1.8480 	EXP 	text: autoDraw = False
1.8480 	EXP 	dummy_fixation_cross: autoDraw = True
11.8430 	EXP 	Created sequence: sequential, trialTypes=1, nReps=150, seed=None
11.8439 	EXP 	New trial (rep=0, index=0): None
11.9717 	EXP 	Created movie = MovieStim3(__class__=<class 'psychopy.visual.movie3.MovieStim3'>, anchor=('center', 'center'), autoLog=True, color=UNKNOWN, colorSpace=UNKNOWN, depth=-1.0, filename='videos\\millipede_19.mp4', flipHoriz=False, flipVert=False, fps=UNKNOWN, interpolate=True, loop=False, name='movie', noAudio=True, opacity=1, ori=method-wrapper(...), pos=array([0., 0.]), size=None, units='height', vframe_callback=UNKNOWN, volume=UNKNOWN, win=Window(...))
12.1525 	WARNING 	0.18068180000409484: Video catchup needed, advancing self._nextFrameT from 0.0 to 0.04
12.1525 	WARNING 	0.18074690003413707: Video catchup needed, advancing self._nextFrameT from 0.04 to 0.08
12.1525 	WARNING 	0.18076530005782843: Video catchup needed, advancing self._nextFrameT from 0.08 to 0.12
12.1665 	EXP 	dummy_fixation_cross: autoDraw = False
12.1665 	EXP 	movie: autoLog = True
12.1665 	EXP 	movie: movie = 'videos\\millipede_19.mp4'
12.1665 	EXP 	movie: ori = 0.0
12.1665 	EXP 	movie: flipHoriz = True
12.1665 	EXP 	movie: autoDraw = True
14.8514 	EXP 	movie: autoDraw = False
14.8514 	EXP 	rating_fixation_square: autoDraw = True
19.8520 	EXP 	rating_fixation_square: autoDraw = False
19.8520 	EXP 	washout_fixation_cross: autoDraw = True
20.3471 	DATA 	Keypress: escape
20.3736 	EXP 	video_presentation: status = STOPPED
20.3800 	EXP 	washout_fixation_cross: autoDraw = False
20.3800 	EXP 	video_presentation: status = STOPPED
20.4373 	EXP 	window1: mouseVisible = True
