7.4616 	WARNING 	Requested an unavailable screen number - using first available.
7.4770 	WARNING 	User requested fullscreen with size [1536  864], but screen is actually [1920, 1080]. Using actual size
9.2719 	EXP 	Created window1 = Window(allowGUI=True, allowStencil=False, autoLog=True, backendConf=UNKNOWN, backgroundFit=<method-wrapper '__getattribute__' of attributeSetter object at 0x0000022D8F951C40>, backgroundImage=<method-wrapper '__getattribute__' of attributeSetter object at 0x0000022D8F951BE0>, bitsMode=UNKNOWN, blendMode='avg', bpc=(8, 8, 8), color=array([0, 0, 0]), colorSpace='rgb', depthBits=8, fullscr=<method-wrapper '__getattribute__' of attributeSetter object at 0x0000022D8F951A30>, gamma=None, gammaErrorPolicy='raise', lms=UNKNOWN, monitor=<psychopy.monitors.calibTools.Monitor object at 0x0000022D8FD27340>, multiSample=False, name='window1', numSamples=2, pos=(0, 0), screen=1, size=array([1920, 1080]), stencilBits=0, stereo=False, title='PsychoPy', units='height', useFBO=True, useRetina=False, viewOri=0.0, viewPos=None, viewScale=None, waitBlanking=True, winType='pyglet')
9.2721 	EXP 	window1: mouseVisible = True
9.2721 	EXP 	window1: backgroundImage = ''
9.2721 	EXP 	window1: backgroundFit = 'none'
9.2743 	EXP 	window1: Attempting to measure frame rate of screen (1) ...
9.2743 	EXP 	window1: recordFrameIntervals = False
9.3479 	EXP 	window1: recordFrameIntervals = True
9.4246 	EXP 	Screen (1) actual frame rate measured at 143.93Hz
9.4247 	EXP 	window1: recordFrameIntervals = False
9.4251 	EXP 	window1: mouseVisible = False
11.8259 	EXP 	video_presentation: status = STARTED
11.8341 	EXP 	window1: mouseVisible = True
11.8955 	EXP 	Created text = TextStim(__class__=<class 'psychopy.visual.text.TextStim'>, alignHoriz=method-wrapper(...), alignText='center', alignVert=method-wrapper(...), anchorHoriz='center', anchorVert='center', antialias=True, autoDraw=False, autoLog=True, bold=False, color=array([-1., -1., -1.]), colorSpace='rgb', contrast=1.0, depth=-2.0, draggable=False, flipHoriz=True, flipVert=False, font='Open Sans', fontFiles=[], height=0.05, italic=False, languageStyle='LTR', name='text', opacity=1.0, ori=0.0, pos=array([0., 0.]), rgb=UNKNOWN, text='Waiting for scanner...', units='height', win=Window(...), wrapWidth=1)
11.8957 	EXP 	window1: mouseVisible = True
11.9000 	EXP 	Created dummy_fixation = TextStim(__class__=<class 'psychopy.visual.text.TextStim'>, alignHoriz=method-wrapper(...), alignText='center', alignVert=method-wrapper(...), anchorHoriz='center', anchorVert='center', antialias=True, autoDraw=False, autoLog=True, bold=False, color=array([-1., -1., -1.]), colorSpace='rgb', contrast=1.0, depth=0.0, draggable=False, flipHoriz=False, flipVert=False, font='Open Sans', fontFiles=[], height=0.05, italic=False, languageStyle='LTR', name='dummy_fixation', opacity=1.0, ori=0.0, pos=array([0., 0.]), rgb=UNKNOWN, text='+', units='height', win=Window(...), wrapWidth=1)
11.9002 	EXP 	window1: mouseVisible = True
11.9032 	EXP 	Created rating_fixation = TextStim(__class__=<class 'psychopy.visual.text.TextStim'>, alignHoriz=method-wrapper(...), alignText='center', alignVert=method-wrapper(...), anchorHoriz='center', anchorVert='center', antialias=True, autoDraw=False, autoLog=True, bold=False, color=array([ 1., -1., -1.]), colorSpace='rgb', contrast=1.0, depth=-1.0, draggable=False, flipHoriz=False, flipVert=False, font='Open Sans', fontFiles=[], height=0.05, italic=False, languageStyle='LTR', name='rating_fixation', opacity=1.0, ori=0.0, pos=array([0., 0.]), rgb=UNKNOWN, text='+', units='height', win=Window(...), wrapWidth=1)
11.9033 	EXP 	window1: mouseVisible = True
11.9058 	EXP 	Created fixation = TextStim(__class__=<class 'psychopy.visual.text.TextStim'>, alignHoriz=method-wrapper(...), alignText='center', alignVert=method-wrapper(...), anchorHoriz='center', anchorVert='center', antialias=True, autoDraw=False, autoLog=True, bold=False, color=array([-1., -1., -1.]), colorSpace='rgb', contrast=1.0, depth=0.0, draggable=False, flipHoriz=False, flipVert=False, font='Open Sans', fontFiles=[], height=0.05, italic=False, languageStyle='LTR', name='fixation', opacity=1.0, ori=0.0, pos=array([0., 0.]), rgb=UNKNOWN, text='+', units='height', win=Window(...), wrapWidth=1)
11.9060 	EXP 	window1: mouseVisible = True
11.9087 	EXP 	Created end_text = TextStim(__class__=<class 'psychopy.visual.text.TextStim'>, alignHoriz=method-wrapper(...), alignText='center', alignVert=method-wrapper(...), anchorHoriz='center', anchorVert='center', antialias=True, autoDraw=False, autoLog=True, bold=False, color=array([-1., -1., -1.]), colorSpace='rgb', contrast=1.0, depth=0.0, draggable=False, flipHoriz=True, flipVert=False, font='Open Sans', fontFiles=[], height=0.05, italic=False, languageStyle='LTR', name='end_text', opacity=1.0, ori=0.0, pos=array([0., 0.]), rgb=UNKNOWN, text='+', units='height', win=Window(...), wrapWidth=1)
0.0376 	EXP 	text: autoDraw = True
0.5314 	DATA 	Keypress: space
1.1349 	DATA 	Keypress: t
1.1395 	EXP 	text: autoDraw = False
1.1395 	EXP 	dummy_fixation: autoDraw = True
11.1347 	EXP 	Created sequence: sequential, trialTypes=1, nReps=150, seed=None
11.1355 	EXP 	New trial (rep=0, index=0): None
11.3140 	EXP 	Created movie = MovieStim3(__class__=<class 'psychopy.visual.movie3.MovieStim3'>, anchor=('center', 'center'), autoLog=True, color=UNKNOWN, colorSpace=UNKNOWN, depth=-1.0, filename='videos\\butterfly_19.mp4', flipHoriz=False, flipVert=False, fps=UNKNOWN, interpolate=True, loop=False, name='movie', noAudio=True, opacity=1, ori=method-wrapper(...), pos=array([0., 0.]), size=None, units='height', vframe_callback=UNKNOWN, volume=UNKNOWN, win=Window(...))
11.5443 	WARNING 	0.23026570002548397: Video catchup needed, advancing self._nextFrameT from 0.0 to 0.04
11.5443 	WARNING 	0.23035229998640716: Video catchup needed, advancing self._nextFrameT from 0.04 to 0.08
11.5444 	WARNING 	0.23040669999318197: Video catchup needed, advancing self._nextFrameT from 0.08 to 0.12
11.5445 	WARNING 	0.23046990000875667: Video catchup needed, advancing self._nextFrameT from 0.12 to 0.16
11.5584 	WARNING 	0.24441330000991002: Video catchup needed, advancing self._nextFrameT from 0.16 to 0.2
11.5677 	EXP 	dummy_fixation: autoDraw = False
11.5677 	EXP 	movie: autoLog = True
11.5677 	EXP 	movie: movie = 'videos\\butterfly_19.mp4'
11.5677 	EXP 	movie: ori = 0.0
11.5677 	EXP 	movie: flipHoriz = True
11.5677 	EXP 	movie: autoDraw = True
15.3345 	EXP 	window1: mouseVisible = True
