6.0903 	WARNING 	Requested an unavailable screen number - using first available.
6.1035 	WARNING 	User requested fullscreen with size [1536  864], but screen is actually [1920, 1080]. Using actual size
6.5921 	EXP 	Created window1 = Window(allowGUI=True, allowStencil=False, autoLog=True, backendConf=UNKNOWN, backgroundFit=<method-wrapper '__getattribute__' of attributeSetter object at 0x000001FFD6DE5CA0>, backgroundImage=<method-wrapper '__getattribute__' of attributeSetter object at 0x000001FFD6DE5C40>, bitsMode=UNKNOWN, blendMode='avg', bpc=(8, 8, 8), color=array([0, 0, 0]), colorSpace='rgb', depthBits=8, fullscr=<method-wrapper '__getattribute__' of attributeSetter object at 0x000001FFD6DE5A90>, gamma=None, gammaErrorPolicy='raise', lms=UNKNOWN, monitor=<psychopy.monitors.calibTools.Monitor object at 0x000001FFD71E2610>, multiSample=False, name='window1', numSamples=2, pos=(0, 0), screen=1, size=array([1920, 1080]), stencilBits=0, stereo=False, title='PsychoPy', units='height', useFBO=True, useRetina=False, viewOri=0.0, viewPos=None, viewScale=None, waitBlanking=True, winType='pyglet')
6.5922 	EXP 	window1: mouseVisible = True
6.5922 	EXP 	window1: backgroundImage = ''
6.5922 	EXP 	window1: backgroundFit = 'none'
6.5940 	EXP 	window1: Attempting to measure frame rate of screen (1) ...
6.5941 	EXP 	window1: recordFrameIntervals = False
6.6610 	EXP 	window1: recordFrameIntervals = True
6.7375 	EXP 	Screen (1) actual frame rate measured at 143.89Hz
6.7376 	EXP 	window1: recordFrameIntervals = False
6.7379 	EXP 	window1: mouseVisible = False
8.5272 	EXP 	video_presentation: status = STARTED
8.5318 	EXP 	window1: mouseVisible = True
8.5807 	EXP 	Created text = TextStim(__class__=<class 'psychopy.visual.text.TextStim'>, alignHoriz=method-wrapper(...), alignText='center', alignVert=method-wrapper(...), anchorHoriz='center', anchorVert='center', antialias=True, autoDraw=False, autoLog=True, bold=False, color=array([-1., -1., -1.]), colorSpace='rgb', contrast=1.0, depth=-2.0, draggable=False, flipHoriz=True, flipVert=False, font='Open Sans', fontFiles=[], height=0.05, italic=False, languageStyle='LTR', name='text', opacity=1.0, ori=0.0, pos=array([0., 0.]), rgb=UNKNOWN, text='Waiting for scanner...', units='height', win=Window(...), wrapWidth=1)
8.5809 	EXP 	window1: mouseVisible = True
8.5835 	EXP 	Created dummy_fixation_cross = ShapeStim(__class__=<class 'psychopy.visual.shape.ShapeStim'>, anchor=('center', 'center'), autoDraw=False, autoLog=True, closeShape=True, color=method-wrapper(...), colorSpace='rgb', contrast=None, depth=0.0, draggable=False, fillColor=array([-1, -1, -1]), fillColorSpace='rgb', fillRGB=array([-1, -1, -1]), interpolate=True, lineColor=array([-1., -1., -1.]), lineColorSpace='rgb', lineRGB=array([-1, -1, -1]), lineWidth=1.0, name='dummy_fixation_cross', opacity=1.0, ori=0.0, pos=array([0., 0.]), size=array([0.05, 0.05]), units='height', vertices=ndarray(...), win=Window(...), windingRule=None)
8.5836 	EXP 	window1: mouseVisible = True
8.5857 	EXP 	Created rating_fixation_square = Rect(__class__=<class 'psychopy.visual.rect.Rect'>, anchor=('center', 'center'), autoDraw=False, autoLog=True, closeShape=True, color=method-wrapper(...), colorSpace='rgb', contrast=None, depth=-1.0, draggable=False, fillColor=array([-1, -1, -1]), fillColorSpace='rgb', fillRGB=array([-1, -1, -1]), interpolate=True, lineColor=array([-1., -1., -1.]), lineColorSpace='rgb', lineRGB=array([-1, -1, -1]), lineWidth=1.0, name='rating_fixation_square', opacity=1.0, ori=0.0, pos=array([0., 0.]), size=array([0.05, 0.05]), units='height', vertices=ndarray(...), win=Window(...))
8.5858 	EXP 	window1: mouseVisible = True
8.5883 	EXP 	Created washout_fixation_cross = ShapeStim(__class__=<class 'psychopy.visual.shape.ShapeStim'>, anchor=('center', 'center'), autoDraw=False, autoLog=True, closeShape=True, color=method-wrapper(...), colorSpace='rgb', contrast=None, depth=0.0, draggable=False, fillColor=array([-1, -1, -1]), fillColorSpace='rgb', fillRGB=array([-1, -1, -1]), interpolate=True, lineColor=array([-1., -1., -1.]), lineColorSpace='rgb', lineRGB=array([-1, -1, -1]), lineWidth=1.0, name='washout_fixation_cross', opacity=1.0, ori=0.0, pos=array([0., 0.]), size=array([0.05, 0.05]), units='height', vertices=ndarray(...), win=Window(...), windingRule=None)
8.5884 	EXP 	window1: mouseVisible = True
8.6007 	EXP 	Created end_text = TextStim(__class__=<class 'psychopy.visual.text.TextStim'>, alignHoriz=method-wrapper(...), alignText='center', alignVert=method-wrapper(...), anchorHoriz='center', anchorVert='center', antialias=True, autoDraw=False, autoLog=True, bold=False, color=array([-1., -1., -1.]), colorSpace='rgb', contrast=1.0, depth=0.0, draggable=False, flipHoriz=True, flipVert=False, font='Open Sans', fontFiles=[], height=0.1, italic=False, languageStyle='LTR', name='end_text', opacity=1.0, ori=0.0, pos=array([0., 0.]), rgb=UNKNOWN, text='Run complete.', units='height', win=Window(...), wrapWidth=1)
0.0301 	EXP 	text: autoDraw = True
1.1494 	DATA 	Keypress: 5
1.1527 	EXP 	text: autoDraw = False
1.1527 	EXP 	dummy_fixation_cross: autoDraw = True
11.1478 	EXP 	Created sequence: sequential, trialTypes=1, nReps=150, seed=None
11.1484 	EXP 	New trial (rep=0, index=0): None
11.2773 	EXP 	Created movie = MovieStim3(__class__=<class 'psychopy.visual.movie3.MovieStim3'>, anchor=('center', 'center'), autoLog=True, color=UNKNOWN, colorSpace=UNKNOWN, depth=-1.0, filename='videos\\shark_8.mp4', flipHoriz=False, flipVert=False, fps=UNKNOWN, interpolate=True, loop=False, name='movie', noAudio=True, opacity=1, ori=method-wrapper(...), pos=array([0., 0.]), size=None, units='height', vframe_callback=UNKNOWN, volume=UNKNOWN, win=Window(...))
11.4411 	WARNING 	0.16370359994471073: Video catchup needed, advancing self._nextFrameT from 0.0 to 0.03336666666666667
11.4411 	WARNING 	0.16374909994192421: Video catchup needed, advancing self._nextFrameT from 0.03336666666666667 to 0.06673333333333334
11.4411 	WARNING 	0.16376579995267093: Video catchup needed, advancing self._nextFrameT from 0.06673333333333334 to 0.10010000000000001
11.4469 	WARNING 	0.16953760001342744: Video catchup needed, advancing self._nextFrameT from 0.10010000000000001 to 0.13346666666666668
11.4533 	EXP 	dummy_fixation_cross: autoDraw = False
11.4533 	EXP 	movie: autoLog = True
11.4533 	EXP 	movie: movie = 'videos\\shark_8.mp4'
11.4533 	EXP 	movie: ori = 0.0
11.4533 	EXP 	movie: flipHoriz = True
11.4533 	EXP 	movie: autoDraw = True
14.1591 	EXP 	movie: autoDraw = False
14.1591 	EXP 	rating_fixation_square: autoDraw = True
14.6941 	DATA 	Keypress: 1
14.7022 	EXP 	rating_fixation_square: autoDraw = False
14.7022 	EXP 	washout_fixation_cross: autoDraw = True
15.6962 	EXP 	New trial (rep=1, index=0): None
15.6968 	EXP 	Created movie = MovieStim3(__class__=<class 'psychopy.visual.movie3.MovieStim3'>, anchor=('center', 'center'), autoLog=True, color=UNKNOWN, colorSpace=UNKNOWN, depth=-1.0, filename='videos\\bird_11.mp4', flipHoriz=False, flipVert=False, fps=UNKNOWN, interpolate=True, loop=False, name='movie', noAudio=True, opacity=1, ori=method-wrapper(...), pos=array([0., 0.]), size=None, units='height', vframe_callback=UNKNOWN, volume=UNKNOWN, win=Window(...))
15.8548 	WARNING 	0.15802430000621825: Video catchup needed, advancing self._nextFrameT from 0.0 to 0.04
15.8548 	WARNING 	0.15806549997068942: Video catchup needed, advancing self._nextFrameT from 0.04 to 0.08
15.8594 	WARNING 	0.16262910002842546: Video catchup needed, advancing self._nextFrameT from 0.08 to 0.12
15.8664 	EXP 	washout_fixation_cross: autoDraw = False
15.8664 	EXP 	movie: autoLog = True
15.8664 	EXP 	movie: movie = 'videos\\bird_11.mp4'
15.8664 	EXP 	movie: ori = 0.0
15.8664 	EXP 	movie: flipHoriz = True
15.8664 	EXP 	movie: autoDraw = True
18.6766 	EXP 	Set movie finished
18.7045 	EXP 	movie: autoDraw = False
18.7045 	EXP 	rating_fixation_square: autoDraw = True
19.1930 	DATA 	Keypress: 2
19.2040 	EXP 	rating_fixation_square: autoDraw = False
19.2040 	EXP 	washout_fixation_cross: autoDraw = True
20.1995 	EXP 	New trial (rep=2, index=0): None
20.2000 	EXP 	Created movie = MovieStim3(__class__=<class 'psychopy.visual.movie3.MovieStim3'>, anchor=('center', 'center'), autoLog=True, color=UNKNOWN, colorSpace=UNKNOWN, depth=-1.0, filename='videos\\whale_13.mp4', flipHoriz=False, flipVert=False, fps=UNKNOWN, interpolate=True, loop=False, name='movie', noAudio=True, opacity=1, ori=method-wrapper(...), pos=array([0., 0.]), size=None, units='height', vframe_callback=UNKNOWN, volume=UNKNOWN, win=Window(...))
20.3728 	WARNING 	0.1726984999841079: Video catchup needed, advancing self._nextFrameT from 0.0 to 0.03336666666666667
20.3728 	WARNING 	0.17277089995332062: Video catchup needed, advancing self._nextFrameT from 0.03336666666666667 to 0.06673333333333334
20.3728 	WARNING 	0.17279690003488213: Video catchup needed, advancing self._nextFrameT from 0.06673333333333334 to 0.10010000000000001
20.3729 	WARNING 	0.17281979997642338: Video catchup needed, advancing self._nextFrameT from 0.10010000000000001 to 0.13346666666666668
20.3908 	EXP 	washout_fixation_cross: autoDraw = False
20.3908 	EXP 	washout_fixation_cross: autoDraw = False
20.3908 	EXP 	movie: autoLog = True
20.3908 	EXP 	movie: movie = 'videos\\whale_13.mp4'
20.3908 	EXP 	movie: ori = 0.0
20.3908 	EXP 	movie: flipHoriz = True
20.3908 	EXP 	movie: autoDraw = True
23.1866 	EXP 	Set movie finished
23.2078 	EXP 	movie: autoDraw = False
23.2078 	EXP 	rating_fixation_square: autoDraw = True
23.6193 	DATA 	Keypress: 3
23.6308 	EXP 	rating_fixation_square: autoDraw = False
23.6308 	EXP 	washout_fixation_cross: autoDraw = True
24.6260 	EXP 	New trial (rep=3, index=0): None
24.6267 	EXP 	Created movie = MovieStim3(__class__=<class 'psychopy.visual.movie3.MovieStim3'>, anchor=('center', 'center'), autoLog=True, color=UNKNOWN, colorSpace=UNKNOWN, depth=-1.0, filename='videos\\tiger_14.mp4', flipHoriz=False, flipVert=False, fps=UNKNOWN, interpolate=True, loop=False, name='movie', noAudio=True, opacity=1, ori=method-wrapper(...), pos=array([0., 0.]), size=None, units='height', vframe_callback=UNKNOWN, volume=UNKNOWN, win=Window(...))
24.7927 	WARNING 	0.16604919999372214: Video catchup needed, advancing self._nextFrameT from 0.0 to 0.03333333333333333
24.7928 	WARNING 	0.1660919999703765: Video catchup needed, advancing self._nextFrameT from 0.03333333333333333 to 0.06666666666666667
24.7928 	WARNING 	0.16610819997731596: Video catchup needed, advancing self._nextFrameT from 0.06666666666666667 to 0.1
24.7978 	WARNING 	0.17110989999491721: Video catchup needed, advancing self._nextFrameT from 0.1 to 0.13333333333333333
24.8066 	EXP 	washout_fixation_cross: autoDraw = False
24.8066 	EXP 	washout_fixation_cross: autoDraw = False
24.8066 	EXP 	movie: autoLog = True
24.8066 	EXP 	movie: movie = 'videos\\tiger_14.mp4'
24.8066 	EXP 	movie: ori = 0.0
24.8066 	EXP 	movie: flipHoriz = True
24.8066 	EXP 	movie: autoDraw = True
27.6344 	EXP 	movie: autoDraw = False
27.6344 	EXP 	rating_fixation_square: autoDraw = True
28.6295 	DATA 	Keypress: 4
28.6413 	EXP 	rating_fixation_square: autoDraw = False
28.6413 	EXP 	washout_fixation_cross: autoDraw = True
29.6360 	EXP 	New trial (rep=4, index=0): None
29.6367 	EXP 	Created movie = MovieStim3(__class__=<class 'psychopy.visual.movie3.MovieStim3'>, anchor=('center', 'center'), autoLog=True, color=UNKNOWN, colorSpace=UNKNOWN, depth=-1.0, filename='videos\\bird_15.mp4', flipHoriz=False, flipVert=False, fps=UNKNOWN, interpolate=True, loop=False, name='movie', noAudio=True, opacity=1, ori=method-wrapper(...), pos=array([0., 0.]), size=None, units='height', vframe_callback=UNKNOWN, volume=UNKNOWN, win=Window(...))
29.8011 	WARNING 	0.16435750003438443: Video catchup needed, advancing self._nextFrameT from 0.0 to 0.04170833333333333
29.8011 	WARNING 	0.16440759995020926: Video catchup needed, advancing self._nextFrameT from 0.04170833333333333 to 0.08341666666666667
29.8062 	WARNING 	0.1694533999543637: Video catchup needed, advancing self._nextFrameT from 0.08341666666666667 to 0.125125
29.8171 	EXP 	washout_fixation_cross: autoDraw = False
29.8171 	EXP 	washout_fixation_cross: autoDraw = False
29.8171 	EXP 	movie: autoLog = True
29.8171 	EXP 	movie: movie = 'videos\\bird_15.mp4'
29.8171 	EXP 	movie: ori = 0.0
29.8171 	EXP 	movie: flipHoriz = True
29.8171 	EXP 	movie: autoDraw = True
32.6199 	EXP 	Set movie finished
32.6478 	EXP 	movie: autoDraw = False
32.6478 	EXP 	rating_fixation_square: autoDraw = True
33.1638 	DATA 	Keypress: 6
33.1753 	EXP 	rating_fixation_square: autoDraw = False
33.1753 	EXP 	washout_fixation_cross: autoDraw = True
34.1758 	EXP 	washout_fixation_cross: autoDraw = False
34.1758 	EXP 	washout_fixation_cross: autoDraw = False
34.1758 	EXP 	end_text: autoDraw = True
44.1782 	EXP 	end_text: autoDraw = False
44.1782 	EXP 	video_presentation: status = STOPPED
44.2425 	EXP 	window1: mouseVisible = True
