63.2396 	WARNING 	Requested an unavailable screen number - using first available.
63.2486 	WARNING 	User requested fullscreen with size [1536  864], but screen is actually [1920, 1080]. Using actual size
65.2040 	EXP 	Created window1 = Window(allowGUI=True, allowStencil=False, autoLog=True, backendConf=UNKNOWN, backgroundFit=<method-wrapper '__getattribute__' of attributeSetter object at 0x000001738BD5FCD0>, backgroundImage=<method-wrapper '__getattribute__' of attributeSetter object at 0x000001738BD5FC70>, bitsMode=UNKNOWN, blendMode='avg', bpc=(8, 8, 8), color=array([0, 0, 0]), colorSpace='rgb', depthBits=8, fullscr=<method-wrapper '__getattribute__' of attributeSetter object at 0x000001738BD5FA90>, gamma=None, gammaErrorPolicy='raise', lms=UNKNOWN, monitor=<psychopy.monitors.calibTools.Monitor object at 0x000001738C162AC0>, multiSample=False, name='window1', numSamples=2, pos=(0, 0), screen=1, size=array([1920, 1080]), stencilBits=0, stereo=False, title='PsychoPy', units='height', useFBO=True, useRetina=False, viewOri=0.0, viewPos=None, viewScale=None, waitBlanking=True, winType='pyglet')
65.2041 	EXP 	window1: mouseVisible = True
65.2041 	EXP 	window1: backgroundImage = ''
65.2041 	EXP 	window1: backgroundFit = 'none'
65.2057 	EXP 	window1: Attempting to measure frame rate of screen (1) ...
65.2057 	EXP 	window1: recordFrameIntervals = False
65.2733 	EXP 	window1: recordFrameIntervals = True
65.3500 	EXP 	Screen (1) actual frame rate measured at 143.69Hz
65.3500 	EXP 	window1: recordFrameIntervals = False
65.3503 	EXP 	window1: mouseVisible = False
67.1440 	EXP 	video_presentation: status = STARTED
67.1494 	EXP 	window1: mouseVisible = True
67.2179 	EXP 	Created text = TextStim(__class__=<class 'psychopy.visual.text.TextStim'>, alignHoriz=method-wrapper(...), alignText='center', alignVert=method-wrapper(...), anchorHoriz='center', anchorVert='center', antialias=True, autoDraw=False, autoLog=True, bold=False, color=array([-1., -1., -1.]), colorSpace='rgb', contrast=1.0, depth=-2.0, draggable=False, flipHoriz=True, flipVert=False, font='Open Sans', fontFiles=[], height=0.04, italic=False, languageStyle='LTR', name='text', opacity=1.0, ori=0.0, pos=array([0.  , 0.25]), rgb=UNKNOWN, text=str(...), units='height', win=Window(...), wrapWidth=1)
67.2181 	EXP 	window1: mouseVisible = True
67.2738 	EXP 	Created instruction_image = ImageStim(__class__=<class 'psychopy.visual.image.ImageStim'>, anchor=('center', 'center'), autoLog=True, color=array([1., 1., 1.]), colorSpace='rgb', contrast=1.0, depth=-3.0, draggable=False, flipHoriz=True, flipVert=False, image='images/rating_instruction.png', interpolate=True, mask=None, maskParams=None, name='instruction_image', opacity=1.0, ori=0.0, pos=array([ 0. , -0.2]), size=array([0.75, 0.5 ]), texRes=128.0, units='height', win=Window(...))
67.2741 	EXP 	window1: mouseVisible = True
67.2787 	EXP 	Created dummy_fixation_cross = ShapeStim(__class__=<class 'psychopy.visual.shape.ShapeStim'>, anchor=('center', 'center'), autoDraw=False, autoLog=True, closeShape=True, color=method-wrapper(...), colorSpace='rgb', contrast=None, depth=0.0, draggable=False, fillColor=array([-1, -1, -1]), fillColorSpace='rgb', fillRGB=array([-1, -1, -1]), interpolate=True, lineColor=array([-1., -1., -1.]), lineColorSpace='rgb', lineRGB=array([-1, -1, -1]), lineWidth=1.0, name='dummy_fixation_cross', opacity=1.0, ori=0.0, pos=array([0., 0.]), size=array([0.05, 0.05]), units='height', vertices=ndarray(...), win=Window(...), windingRule=None)
67.2790 	EXP 	window1: mouseVisible = True
67.2825 	EXP 	Created rating_fixation_square = Rect(__class__=<class 'psychopy.visual.rect.Rect'>, anchor=('center', 'center'), autoDraw=False, autoLog=True, closeShape=True, color=method-wrapper(...), colorSpace='rgb', contrast=None, depth=-1.0, draggable=False, fillColor=array([-1, -1, -1]), fillColorSpace='rgb', fillRGB=array([-1, -1, -1]), interpolate=True, lineColor=array([-1., -1., -1.]), lineColorSpace='rgb', lineRGB=array([-1, -1, -1]), lineWidth=1.0, name='rating_fixation_square', opacity=1.0, ori=0.0, pos=array([0., 0.]), size=array([0.05, 0.05]), units='height', vertices=ndarray(...), win=Window(...))
67.2829 	EXP 	window1: mouseVisible = True
67.2877 	EXP 	Created washout_fixation_cross = ShapeStim(__class__=<class 'psychopy.visual.shape.ShapeStim'>, anchor=('center', 'center'), autoDraw=False, autoLog=True, closeShape=True, color=method-wrapper(...), colorSpace='rgb', contrast=None, depth=0.0, draggable=False, fillColor=array([-1, -1, -1]), fillColorSpace='rgb', fillRGB=array([-1, -1, -1]), interpolate=True, lineColor=array([-1., -1., -1.]), lineColorSpace='rgb', lineRGB=array([-1, -1, -1]), lineWidth=1.0, name='washout_fixation_cross', opacity=1.0, ori=0.0, pos=array([0., 0.]), size=array([0.05, 0.05]), units='height', vertices=ndarray(...), win=Window(...), windingRule=None)
67.2880 	EXP 	window1: mouseVisible = True
67.3054 	EXP 	Created end_text = TextStim(__class__=<class 'psychopy.visual.text.TextStim'>, alignHoriz=method-wrapper(...), alignText='center', alignVert=method-wrapper(...), anchorHoriz='center', anchorVert='center', antialias=True, autoDraw=False, autoLog=True, bold=False, color=array([-1., -1., -1.]), colorSpace='rgb', contrast=1.0, depth=0.0, draggable=False, flipHoriz=True, flipVert=False, font='Open Sans', fontFiles=[], height=0.1, italic=False, languageStyle='LTR', name='end_text', opacity=1.0, ori=0.0, pos=array([0., 0.]), rgb=UNKNOWN, text='Run complete.', units='height', win=Window(...), wrapWidth=1)
0.0017 	DATA 	Mouse: Left button down, pos=(1061,748)
0.0023 	DATA 	Mouse:  Left button up, pos=(1061,748)
0.0286 	EXP 	text: autoDraw = True
0.0286 	EXP 	instruction_image: autoDraw = True
0.3017 	DATA 	Keypress: 5
0.3133 	EXP 	text: autoDraw = False
0.3133 	EXP 	instruction_image: autoDraw = False
0.3133 	EXP 	dummy_fixation_cross: autoDraw = True
10.3082 	EXP 	Created sequence: sequential, trialTypes=1, nReps=100, seed=None
10.3088 	EXP 	New trial (rep=0, index=0): None
10.4350 	EXP 	Created movie = MovieStim3(__class__=<class 'psychopy.visual.movie3.MovieStim3'>, anchor=('center', 'center'), autoLog=True, color=UNKNOWN, colorSpace=UNKNOWN, depth=-1.0, filename='videos\\butterfly_19.mp4', flipHoriz=False, flipVert=False, fps=UNKNOWN, interpolate=True, loop=False, name='movie', noAudio=True, opacity=1, ori=method-wrapper(...), pos=array([0., 0.]), size=None, units='height', vframe_callback=UNKNOWN, volume=UNKNOWN, win=Window(...))
10.6003 	WARNING 	0.16530809999994744: Video catchup needed, advancing self._nextFrameT from 0.0 to 0.04
10.6003 	WARNING 	0.16534969999975146: Video catchup needed, advancing self._nextFrameT from 0.04 to 0.08
10.6004 	WARNING 	0.16536559999985911: Video catchup needed, advancing self._nextFrameT from 0.08 to 0.12
10.6210 	EXP 	dummy_fixation_cross: autoDraw = False
10.6210 	EXP 	movie: autoLog = True
10.6210 	EXP 	movie: movie = 'videos\\butterfly_19.mp4'
10.6210 	EXP 	movie: ori = 0.0
10.6210 	EXP 	movie: flipHoriz = True
10.6210 	EXP 	movie: autoDraw = True
12.0771 	DATA 	Keypress: 1
13.3206 	EXP 	movie: autoDraw = False
13.3206 	EXP 	rating_fixation_square: autoDraw = True
14.1197 	DATA 	Keypress: 1
14.1275 	EXP 	rating_fixation_square: autoDraw = False
14.1275 	EXP 	washout_fixation_cross: autoDraw = True
15.1217 	EXP 	New trial (rep=1, index=0): None
15.1227 	EXP 	Created movie = MovieStim3(__class__=<class 'psychopy.visual.movie3.MovieStim3'>, anchor=('center', 'center'), autoLog=True, color=UNKNOWN, colorSpace=UNKNOWN, depth=-1.0, filename='videos\\frog_18.mp4', flipHoriz=False, flipVert=False, fps=UNKNOWN, interpolate=True, loop=False, name='movie', noAudio=True, opacity=1, ori=method-wrapper(...), pos=array([0., 0.]), size=None, units='height', vframe_callback=UNKNOWN, volume=UNKNOWN, win=Window(...))
15.2754 	WARNING 	0.1526494999998249: Video catchup needed, advancing self._nextFrameT from 0.0 to 0.03333333333333333
15.2754 	WARNING 	0.15270319999990534: Video catchup needed, advancing self._nextFrameT from 0.03333333333333333 to 0.06666666666666667
15.2754 	WARNING 	0.15272849999973914: Video catchup needed, advancing self._nextFrameT from 0.06666666666666667 to 0.1
15.2920 	EXP 	washout_fixation_cross: autoDraw = False
15.2920 	EXP 	movie: autoLog = True
15.2920 	EXP 	movie: movie = 'videos\\frog_18.mp4'
15.2920 	EXP 	movie: ori = 0.0
15.2920 	EXP 	movie: flipHoriz = True
15.2920 	EXP 	movie: autoDraw = True
16.9150 	DATA 	Keypress: 2
17.1314 	DATA 	Keypress: 2
17.7008 	DATA 	Keypress: 2
18.1296 	EXP 	movie: autoDraw = False
18.1296 	EXP 	rating_fixation_square: autoDraw = True
18.5397 	DATA 	Keypress: 2
18.5461 	EXP 	rating_fixation_square: autoDraw = False
18.5461 	EXP 	washout_fixation_cross: autoDraw = True
19.2626 	DATA 	Keypress: escape
19.3314 	EXP 	video_presentation: status = STOPPED
19.3380 	EXP 	washout_fixation_cross: autoDraw = False
19.3381 	EXP 	video_presentation: status = STOPPED
20.4984 	EXP 	window1: mouseVisible = True
